This is pdfTeX, Version 3.1415926-2.5-1.40.14 (MiKTeX 2.9) (preloaded format=pdflatex 2015.5.10)  28 JUN 2016 18:51
entering extended mode
**command.tex

("C:\Users\Yetian Chen\Desktop\Pearson\PrerequisiteDiscovery\EDM2016\slides-sha
re-with-jose\command.tex"
LaTeX2e <2011/06/27>
Babel <v3.8m> and hyphenation patterns for english, afrikaans, ancientgreek, ar
abic, armenian, assamese, basque, bengali, bokmal, bulgarian, catalan, coptic, 
croatian, czech, danish, dutch, esperanto, estonian, farsi, finnish, french, ga
lician, german, german-x-2013-05-26, greek, gujarati, hindi, hungarian, iceland
ic, indonesian, interlingua, irish, italian, kannada, kurmanji, latin, latvian,
 lithuanian, malayalam, marathi, mongolian, mongolianlmc, monogreek, ngerman, n
german-x-2013-05-26, nynorsk, oriya, panjabi, pinyin, polish, portuguese, roman
ian, russian, sanskrit, serbian, slovak, slovenian, spanish, swedish, swissgerm
an, tamil, telugu, turkish, turkmen, ukenglish, ukrainian, uppersorbian, usengl
ishmax, welsh, loaded.
("C:\Program Files (x86)\MiKTeX 2.9\tex\latex\beamer\base\beamer.cls"
("C:\Program Files (x86)\MiKTeX 2.9\tex\latex\beamer\base\beamerbasercs.sty"
Package: beamerbasercs 2015/03/08 (rcs-revision 368aa9ba9d38)
)
Document Class: beamer 2015/01/05 3.36 A class for typesetting presentations (r
cs-revision 8a39122e1f63)
("C:\Program Files (x86)\MiKTeX 2.9\tex\latex\beamer\base\beamerbasemodes.sty"
Package: beamerbasemodes 2013/09/03 (rcs-revision 768f2d98ca64)
\beamer@tempbox=\box26
\beamer@tempcount=\count79
\c@beamerpauses=\count80

("C:\Program Files (x86)\MiKTeX 2.9\tex\latex\beamer\base\beamerbasedecode.sty"
Package: beamerbasedecode 2010/05/01 (rcs-revision efa082c6111d)
\beamer@slideinframe=\count81
\beamer@minimum=\count82
)
\beamer@commentbox=\box27
\beamer@modecount=\count83
) ("C:\Program Files (x86)\MiKTeX 2.9\tex\generic\oberdiek\ifpdf.sty"
Package: ifpdf 2011/01/30 v2.3 Provides the ifpdf switch (HO)
Package ifpdf Info: pdfTeX in PDF mode is detected.
)
\headheight=\dimen102
\headdp=\dimen103
\footheight=\dimen104
\sidebarheight=\dimen105
\beamer@tempdim=\dimen106
\beamer@finalheight=\dimen107
\beamer@animht=\dimen108
\beamer@animdp=\dimen109
\beamer@animwd=\dimen110
\beamer@leftmargin=\dimen111
\beamer@rightmargin=\dimen112
\beamer@leftsidebar=\dimen113
\beamer@rightsidebar=\dimen114
\beamer@boxsize=\dimen115
\beamer@vboxoffset=\dimen116
\beamer@descdefault=\dimen117
\beamer@descriptionwidth=\dimen118
\beamer@lastskip=\skip41
\beamer@areabox=\box28
\beamer@animcurrent=\box29
\beamer@animshowbox=\box30
\beamer@sectionbox=\box31
\beamer@logobox=\box32
\beamer@linebox=\box33
\beamer@sectioncount=\count84
\beamer@subsubsectionmax=\count85
\beamer@subsectionmax=\count86
\beamer@sectionmax=\count87
\beamer@totalheads=\count88
\beamer@headcounter=\count89
\beamer@partstartpage=\count90
\beamer@sectionstartpage=\count91
\beamer@subsectionstartpage=\count92
\beamer@animationtempa=\count93
\beamer@animationtempb=\count94
\beamer@xpos=\count95
\beamer@ypos=\count96
\beamer@showpartnumber=\count97
\beamer@currentsubsection=\count98
\beamer@coveringdepth=\count99
\beamer@sectionadjust=\count100
\beamer@tocsectionnumber=\count101

("C:\Program Files (x86)\MiKTeX 2.9\tex\latex\beamer\base\beamerbaseoptions.sty
"
Package: beamerbaseoptions 2013/03/10 (rcs-revision 47431932db0d)
 ("C:\Program Files (x86)\MiKTeX 2.9\tex\latex\graphics\keyval.sty"
Package: keyval 1999/03/16 v1.13 key=value parser (DPC)
\KV@toks@=\toks14
))
\beamer@paperwidth=\skip42
\beamer@paperheight=\skip43

("C:\Program Files (x86)\MiKTeX 2.9\tex\latex\geometry\geometry.sty"
Package: geometry 2010/09/12 v5.6 Page Geometry

("C:\Program Files (x86)\MiKTeX 2.9\tex\generic\oberdiek\ifvtex.sty"
Package: ifvtex 2010/03/01 v1.5 Detect VTeX and its facilities (HO)
Package ifvtex Info: VTeX not detected.
)
("C:\Program Files (x86)\MiKTeX 2.9\tex\generic\ifxetex\ifxetex.sty"
Package: ifxetex 2010/09/12 v0.6 Provides ifxetex conditional
)
\Gm@cnth=\count102
\Gm@cntv=\count103
\c@Gm@tempcnt=\count104
\Gm@bindingoffset=\dimen119
\Gm@wd@mp=\dimen120
\Gm@odd@mp=\dimen121
\Gm@even@mp=\dimen122
\Gm@layoutwidth=\dimen123
\Gm@layoutheight=\dimen124
\Gm@layouthoffset=\dimen125
\Gm@layoutvoffset=\dimen126
\Gm@dimlist=\toks15

("C:\Program Files (x86)\MiKTeX 2.9\tex\latex\geometry\geometry.cfg"))
("C:\Program Files (x86)\MiKTeX 2.9\tex\latex\base\size11.clo"
File: size11.clo 2007/10/19 v1.4h Standard LaTeX file (size option)
)
("C:\Program Files (x86)\MiKTeX 2.9\tex\latex\pgf\basiclayer\pgfcore.sty"
("C:\Program Files (x86)\MiKTeX 2.9\tex\latex\graphics\graphicx.sty"
Package: graphicx 1999/02/16 v1.0f Enhanced LaTeX Graphics (DPC,SPQR)

("C:\Program Files (x86)\MiKTeX 2.9\tex\latex\graphics\graphics.sty"
Package: graphics 2009/02/05 v1.0o Standard LaTeX Graphics (DPC,SPQR)

("C:\Program Files (x86)\MiKTeX 2.9\tex\latex\graphics\trig.sty"
Package: trig 1999/03/16 v1.09 sin cos tan (DPC)
)
("C:\Program Files (x86)\MiKTeX 2.9\tex\latex\00miktex\graphics.cfg"
File: graphics.cfg 2007/01/18 v1.5 graphics configuration of teTeX/TeXLive
)
Package graphics Info: Driver file: pdftex.def on input line 91.

("C:\Program Files (x86)\MiKTeX 2.9\tex\latex\pdftex-def\pdftex.def"
File: pdftex.def 2011/05/27 v0.06d Graphics/color for pdfTeX

("C:\Program Files (x86)\MiKTeX 2.9\tex\generic\oberdiek\infwarerr.sty"
Package: infwarerr 2010/04/08 v1.3 Providing info/warning/error messages (HO)
)
("C:\Program Files (x86)\MiKTeX 2.9\tex\generic\oberdiek\ltxcmds.sty"
Package: ltxcmds 2011/11/09 v1.22 LaTeX kernel commands for general use (HO)
)
\Gread@gobject=\count105
))
\Gin@req@height=\dimen127
\Gin@req@width=\dimen128
)
("C:\Program Files (x86)\MiKTeX 2.9\tex\latex\pgf\systemlayer\pgfsys.sty"
("C:\Program Files (x86)\MiKTeX 2.9\tex\latex\pgf\utilities\pgfrcs.sty"
("C:\Program Files (x86)\MiKTeX 2.9\tex\generic\pgf\utilities\pgfutil-common.te
x"
\pgfutil@everybye=\toks16
\pgfutil@tempdima=\dimen129
\pgfutil@tempdimb=\dimen130

("C:\Program Files (x86)\MiKTeX 2.9\tex\generic\pgf\utilities\pgfutil-common-li
sts.tex"))
("C:\Program Files (x86)\MiKTeX 2.9\tex\generic\pgf\utilities\pgfutil-latex.def
"
\pgfutil@abb=\box34
 ("C:\Program Files (x86)\MiKTeX 2.9\tex\latex\ms\everyshi.sty"
Package: everyshi 2001/05/15 v3.00 EveryShipout Package (MS)
))
("C:\Program Files (x86)\MiKTeX 2.9\tex\generic\pgf\utilities\pgfrcs.code.tex"
Package: pgfrcs 2013/12/20 v3.0.0 (rcs-revision 1.28)
))
("C:\Program Files (x86)\MiKTeX 2.9\tex\generic\pgf\systemlayer\pgfsys.code.tex
"
Package: pgfsys 2013/11/30 v3.0.0 (rcs-revision 1.47)
 ("C:\Program Files (x86)\MiKTeX 2.9\tex\generic\pgf\utilities\pgfkeys.code.tex
"
\pgfkeys@pathtoks=\toks17
\pgfkeys@temptoks=\toks18

("C:\Program Files (x86)\MiKTeX 2.9\tex\generic\pgf\utilities\pgfkeysfiltered.c
ode.tex"
\pgfkeys@tmptoks=\toks19
))
\pgf@x=\dimen131
\pgf@y=\dimen132
\pgf@xa=\dimen133
\pgf@ya=\dimen134
\pgf@xb=\dimen135
\pgf@yb=\dimen136
\pgf@xc=\dimen137
\pgf@yc=\dimen138
\w@pgf@writea=\write3
\r@pgf@reada=\read1
\c@pgf@counta=\count106
\c@pgf@countb=\count107
\c@pgf@countc=\count108
\c@pgf@countd=\count109
\t@pgf@toka=\toks20
\t@pgf@tokb=\toks21
\t@pgf@tokc=\toks22

("C:\Program Files (x86)\MiKTeX 2.9\tex\generic\pgf\systemlayer\pgf.cfg"
File: pgf.cfg 2008/05/14  (rcs-revision 1.7)
)
Driver file for pgf: pgfsys-pdftex.def

("C:\Program Files (x86)\MiKTeX 2.9\tex\generic\pgf\systemlayer\pgfsys-pdftex.d
ef"
File: pgfsys-pdftex.def 2013/07/18  (rcs-revision 1.33)

("C:\Program Files (x86)\MiKTeX 2.9\tex\generic\pgf\systemlayer\pgfsys-common-p
df.def"
File: pgfsys-common-pdf.def 2013/10/10  (rcs-revision 1.13)
)))
("C:\Program Files (x86)\MiKTeX 2.9\tex\generic\pgf\systemlayer\pgfsyssoftpath.
code.tex"
File: pgfsyssoftpath.code.tex 2013/09/09  (rcs-revision 1.9)
\pgfsyssoftpath@smallbuffer@items=\count110
\pgfsyssoftpath@bigbuffer@items=\count111
)
("C:\Program Files (x86)\MiKTeX 2.9\tex\generic\pgf\systemlayer\pgfsysprotocol.
code.tex"
File: pgfsysprotocol.code.tex 2006/10/16  (rcs-revision 1.4)
)) ("C:\Program Files (x86)\MiKTeX 2.9\tex\latex\xcolor\xcolor.sty"
Package: xcolor 2007/01/21 v2.11 LaTeX color extensions (UK)

("C:\Program Files (x86)\MiKTeX 2.9\tex\latex\00miktex\color.cfg"
File: color.cfg 2007/01/18 v1.5 color configuration of teTeX/TeXLive
)
Package xcolor Info: Driver file: pdftex.def on input line 225.
Package xcolor Info: Model `cmy' substituted by `cmy0' on input line 1337.
Package xcolor Info: Model `hsb' substituted by `rgb' on input line 1341.
Package xcolor Info: Model `RGB' extended on input line 1353.
Package xcolor Info: Model `HTML' substituted by `rgb' on input line 1355.
Package xcolor Info: Model `Hsb' substituted by `hsb' on input line 1356.
Package xcolor Info: Model `tHsb' substituted by `hsb' on input line 1357.
Package xcolor Info: Model `HSB' substituted by `hsb' on input line 1358.
Package xcolor Info: Model `Gray' substituted by `gray' on input line 1359.
Package xcolor Info: Model `wave' substituted by `hsb' on input line 1360.
)
("C:\Program Files (x86)\MiKTeX 2.9\tex\generic\pgf\basiclayer\pgfcore.code.tex
"
Package: pgfcore 2010/04/11 v3.0.0 (rcs-revision 1.7)
 ("C:\Program Files (x86)\MiKTeX 2.9\tex\generic\pgf\math\pgfmath.code.tex"
("C:\Program Files (x86)\MiKTeX 2.9\tex\generic\pgf\math\pgfmathcalc.code.tex"
("C:\Program Files (x86)\MiKTeX 2.9\tex\generic\pgf\math\pgfmathutil.code.tex")
("C:\Program Files (x86)\MiKTeX 2.9\tex\generic\pgf\math\pgfmathparser.code.tex
"
\pgfmath@dimen=\dimen139
\pgfmath@count=\count112
\pgfmath@box=\box35
\pgfmath@toks=\toks23
\pgfmath@stack@operand=\toks24
\pgfmath@stack@operation=\toks25
)
("C:\Program Files (x86)\MiKTeX 2.9\tex\generic\pgf\math\pgfmathfunctions.code.
tex"
("C:\Program Files (x86)\MiKTeX 2.9\tex\generic\pgf\math\pgfmathfunctions.basic
.code.tex")
("C:\Program Files (x86)\MiKTeX 2.9\tex\generic\pgf\math\pgfmathfunctions.trigo
nometric.code.tex")
("C:\Program Files (x86)\MiKTeX 2.9\tex\generic\pgf\math\pgfmathfunctions.rando
m.code.tex")
("C:\Program Files (x86)\MiKTeX 2.9\tex\generic\pgf\math\pgfmathfunctions.compa
rison.code.tex")
("C:\Program Files (x86)\MiKTeX 2.9\tex\generic\pgf\math\pgfmathfunctions.base.
code.tex")
("C:\Program Files (x86)\MiKTeX 2.9\tex\generic\pgf\math\pgfmathfunctions.round
.code.tex")
("C:\Program Files (x86)\MiKTeX 2.9\tex\generic\pgf\math\pgfmathfunctions.misc.
code.tex")
("C:\Program Files (x86)\MiKTeX 2.9\tex\generic\pgf\math\pgfmathfunctions.integ
erarithmetics.code.tex")))
("C:\Program Files (x86)\MiKTeX 2.9\tex\generic\pgf\math\pgfmathfloat.code.tex"
\c@pgfmathroundto@lastzeros=\count113
))
("C:\Program Files (x86)\MiKTeX 2.9\tex\generic\pgf\basiclayer\pgfcorepoints.co
de.tex"
File: pgfcorepoints.code.tex 2013/10/07  (rcs-revision 1.27)
\pgf@picminx=\dimen140
\pgf@picmaxx=\dimen141
\pgf@picminy=\dimen142
\pgf@picmaxy=\dimen143
\pgf@pathminx=\dimen144
\pgf@pathmaxx=\dimen145
\pgf@pathminy=\dimen146
\pgf@pathmaxy=\dimen147
\pgf@xx=\dimen148
\pgf@xy=\dimen149
\pgf@yx=\dimen150
\pgf@yy=\dimen151
\pgf@zx=\dimen152
\pgf@zy=\dimen153
)
("C:\Program Files (x86)\MiKTeX 2.9\tex\generic\pgf\basiclayer\pgfcorepathconst
ruct.code.tex"
File: pgfcorepathconstruct.code.tex 2013/10/07  (rcs-revision 1.29)
\pgf@path@lastx=\dimen154
\pgf@path@lasty=\dimen155
)
("C:\Program Files (x86)\MiKTeX 2.9\tex\generic\pgf\basiclayer\pgfcorepathusage
.code.tex"
File: pgfcorepathusage.code.tex 2013/12/13  (rcs-revision 1.23)
\pgf@shorten@end@additional=\dimen156
\pgf@shorten@start@additional=\dimen157
)
("C:\Program Files (x86)\MiKTeX 2.9\tex\generic\pgf\basiclayer\pgfcorescopes.co
de.tex"
File: pgfcorescopes.code.tex 2013/10/09  (rcs-revision 1.44)
\pgfpic=\box36
\pgf@hbox=\box37
\pgf@layerbox@main=\box38
\pgf@picture@serial@count=\count114
)
("C:\Program Files (x86)\MiKTeX 2.9\tex\generic\pgf\basiclayer\pgfcoregraphicst
ate.code.tex"
File: pgfcoregraphicstate.code.tex 2013/09/19  (rcs-revision 1.11)
\pgflinewidth=\dimen158
)
("C:\Program Files (x86)\MiKTeX 2.9\tex\generic\pgf\basiclayer\pgfcoretransform
ations.code.tex"
File: pgfcoretransformations.code.tex 2013/10/10  (rcs-revision 1.17)
\pgf@pt@x=\dimen159
\pgf@pt@y=\dimen160
\pgf@pt@temp=\dimen161
)
("C:\Program Files (x86)\MiKTeX 2.9\tex\generic\pgf\basiclayer\pgfcorequick.cod
e.tex"
File: pgfcorequick.code.tex 2008/10/09  (rcs-revision 1.3)
)
("C:\Program Files (x86)\MiKTeX 2.9\tex\generic\pgf\basiclayer\pgfcoreobjects.c
ode.tex"
File: pgfcoreobjects.code.tex 2006/10/11  (rcs-revision 1.2)
)
("C:\Program Files (x86)\MiKTeX 2.9\tex\generic\pgf\basiclayer\pgfcorepathproce
ssing.code.tex"
File: pgfcorepathprocessing.code.tex 2013/09/09  (rcs-revision 1.9)
)
("C:\Program Files (x86)\MiKTeX 2.9\tex\generic\pgf\basiclayer\pgfcorearrows.co
de.tex"
File: pgfcorearrows.code.tex 2013/11/07  (rcs-revision 1.40)
\pgfarrowsep=\dimen162
)
("C:\Program Files (x86)\MiKTeX 2.9\tex\generic\pgf\basiclayer\pgfcoreshade.cod
e.tex"
File: pgfcoreshade.code.tex 2013/07/15  (rcs-revision 1.15)
\pgf@max=\dimen163
\pgf@sys@shading@range@num=\count115
)
("C:\Program Files (x86)\MiKTeX 2.9\tex\generic\pgf\basiclayer\pgfcoreimage.cod
e.tex"
File: pgfcoreimage.code.tex 2013/07/15  (rcs-revision 1.18)

("C:\Program Files (x86)\MiKTeX 2.9\tex\generic\pgf\basiclayer\pgfcoreexternal.
code.tex"
File: pgfcoreexternal.code.tex 2013/07/15  (rcs-revision 1.20)
\pgfexternal@startupbox=\box39
))
("C:\Program Files (x86)\MiKTeX 2.9\tex\generic\pgf\basiclayer\pgfcorelayers.co
de.tex"
File: pgfcorelayers.code.tex 2013/07/18  (rcs-revision 1.7)
)
("C:\Program Files (x86)\MiKTeX 2.9\tex\generic\pgf\basiclayer\pgfcoretranspare
ncy.code.tex"
File: pgfcoretransparency.code.tex 2013/09/30  (rcs-revision 1.5)
)
("C:\Program Files (x86)\MiKTeX 2.9\tex\generic\pgf\basiclayer\pgfcorepatterns.
code.tex"
File: pgfcorepatterns.code.tex 2013/11/07  (rcs-revision 1.5)
)))
("C:\Program Files (x86)\MiKTeX 2.9\tex\latex\pgf\utilities\xxcolor.sty"
Package: xxcolor 2003/10/24 ver 0.1
\XC@nummixins=\count116
\XC@countmixins=\count117
)
("C:\Program Files (x86)\MiKTeX 2.9\tex\generic\oberdiek\atbegshi.sty"
Package: atbegshi 2011/10/05 v1.16 At begin shipout hook (HO)
)
("C:\Program Files (x86)\MiKTeX 2.9\tex\latex\hyperref\hyperref.sty"
Package: hyperref 2012/11/06 v6.83m Hypertext links for LaTeX

("C:\Program Files (x86)\MiKTeX 2.9\tex\generic\oberdiek\hobsub-hyperref.sty"
Package: hobsub-hyperref 2012/04/25 v1.12 Bundle oberdiek, subset hyperref (HO)


("C:\Program Files (x86)\MiKTeX 2.9\tex\generic\oberdiek\hobsub-generic.sty"
Package: hobsub-generic 2012/04/25 v1.12 Bundle oberdiek, subset generic (HO)
Package: hobsub 2012/04/25 v1.12 Construct package bundles (HO)
Package hobsub Info: Skipping package `infwarerr' (already loaded).
Package hobsub Info: Skipping package `ltxcmds' (already loaded).
Package: ifluatex 2010/03/01 v1.3 Provides the ifluatex switch (HO)
Package ifluatex Info: LuaTeX not detected.
Package hobsub Info: Skipping package `ifvtex' (already loaded).
Package: intcalc 2007/09/27 v1.1 Expandable calculations with integers (HO)
Package hobsub Info: Skipping package `ifpdf' (already loaded).
Package: etexcmds 2011/02/16 v1.5 Avoid name clashes with e-TeX commands (HO)
Package etexcmds Info: Could not find \expanded.
(etexcmds)             That can mean that you are not using pdfTeX 1.50 or
(etexcmds)             that some package has redefined \expanded.
(etexcmds)             In the latter case, load this package earlier.
Package: kvsetkeys 2012/04/25 v1.16 Key value parser (HO)
Package: kvdefinekeys 2011/04/07 v1.3 Define keys (HO)
Package: pdftexcmds 2011/11/29 v0.20 Utility functions of pdfTeX for LuaTeX (HO
)
Package pdftexcmds Info: LuaTeX not detected.
Package pdftexcmds Info: \pdf@primitive is available.
Package pdftexcmds Info: \pdf@ifprimitive is available.
Package pdftexcmds Info: \pdfdraftmode found.
Package: pdfescape 2011/11/25 v1.13 Implements pdfTeX's escape features (HO)
Package: bigintcalc 2012/04/08 v1.3 Expandable calculations on big integers (HO
)
Package: bitset 2011/01/30 v1.1 Handle bit-vector datatype (HO)
Package: uniquecounter 2011/01/30 v1.2 Provide unlimited unique counter (HO)
)
Package hobsub Info: Skipping package `hobsub' (already loaded).
Package: letltxmacro 2010/09/02 v1.4 Let assignment for LaTeX macros (HO)
Package: hopatch 2011/06/24 v1.1 Wrapper for package hooks (HO)
Package: xcolor-patch 2011/01/30 xcolor patch
Package: atveryend 2011/06/30 v1.8 Hooks at the very end of document (HO)
Package atveryend Info: \enddocument detected (standard20110627).
Package hobsub Info: Skipping package `atbegshi' (already loaded).
Package: refcount 2011/10/16 v3.4 Data extraction from label references (HO)
Package: hycolor 2011/01/30 v1.7 Color options for hyperref/bookmark (HO)
)
("C:\Program Files (x86)\MiKTeX 2.9\tex\latex\oberdiek\auxhook.sty"
Package: auxhook 2011/03/04 v1.3 Hooks for auxiliary files (HO)
)
("C:\Program Files (x86)\MiKTeX 2.9\tex\latex\oberdiek\kvoptions.sty"
Package: kvoptions 2011/06/30 v3.11 Key value format for package options (HO)
)
\@linkdim=\dimen164
\Hy@linkcounter=\count118
\Hy@pagecounter=\count119

("C:\Program Files (x86)\MiKTeX 2.9\tex\latex\hyperref\pd1enc.def"
File: pd1enc.def 2012/11/06 v6.83m Hyperref: PDFDocEncoding definition (HO)
)
\Hy@SavedSpaceFactor=\count120

("C:\Program Files (x86)\MiKTeX 2.9\tex\latex\00miktex\hyperref.cfg"
File: hyperref.cfg 2002/06/06 v1.2 hyperref configuration of TeXLive
)
Package hyperref Info: Option `bookmarks' set `true' on input line 4319.
Package hyperref Info: Option `bookmarksopen' set `true' on input line 4319.
Package hyperref Info: Option `pdfpagelabels' set `false' on input line 4319.
Package hyperref Info: Option `implicit' set `false' on input line 4319.
Package hyperref Info: Hyper figures OFF on input line 4443.
Package hyperref Info: Link nesting OFF on input line 4448.
Package hyperref Info: Hyper index ON on input line 4451.
Package hyperref Info: Plain pages OFF on input line 4458.
Package hyperref Info: Backreferencing OFF on input line 4463.
Package hyperref Info: Implicit mode OFF; no redefinition of LaTeX internals.
Package hyperref Info: Bookmarks ON on input line 4688.
\c@Hy@tempcnt=\count121

("C:\Program Files (x86)\MiKTeX 2.9\tex\latex\url\url.sty"
\Urlmuskip=\muskip10
Package: url 2013/09/16  ver 3.4  Verb mode for urls, etc.
)
LaTeX Info: Redefining \url on input line 5041.
\XeTeXLinkMargin=\dimen165
\Fld@menulength=\count122
\Field@Width=\dimen166
\Fld@charsize=\dimen167
Package hyperref Info: Hyper figures OFF on input line 6295.
Package hyperref Info: Link nesting OFF on input line 6300.
Package hyperref Info: Hyper index ON on input line 6303.
Package hyperref Info: backreferencing OFF on input line 6310.
Package hyperref Info: Link coloring OFF on input line 6315.
Package hyperref Info: Link coloring with OCG OFF on input line 6320.
Package hyperref Info: PDF/A mode OFF on input line 6325.
LaTeX Info: Redefining \ref on input line 6365.
LaTeX Info: Redefining \pageref on input line 6369.


Package hyperref Message: Stopped early.

)

Package hyperref Message: Driver (autodetected): hpdftex.

("C:\Program Files (x86)\MiKTeX 2.9\tex\latex\hyperref\hpdftex.def"
File: hpdftex.def 2012/11/06 v6.83m Hyperref driver for pdfTeX
\Fld@listcount=\count123
\c@bookmark@seq@number=\count124

("C:\Program Files (x86)\MiKTeX 2.9\tex\latex\oberdiek\rerunfilecheck.sty"
Package: rerunfilecheck 2011/04/15 v1.7 Rerun checks for auxiliary files (HO)
Package uniquecounter Info: New unique counter `rerunfilecheck' on input line 2
82.
))
("C:\Program Files (x86)\MiKTeX 2.9\tex\latex\beamer\base\beamerbaserequires.st
y"
Package: beamerbaserequires 2010/05/01  (rcs-revision efa082c6111d)

("C:\Program Files (x86)\MiKTeX 2.9\tex\latex\beamer\base\beamerbasecompatibili
ty.sty"
Package: beamerbasecompatibility 2012/05/01  (rcs-revision 67c48b3b652d)
)
("C:\Program Files (x86)\MiKTeX 2.9\tex\latex\beamer\base\beamerbasefont.sty"
Package: beamerbasefont 2015/01/05  (rcs-revision b4b4bee242e2)

("C:\Program Files (x86)\MiKTeX 2.9\tex\latex\amsfonts\amssymb.sty"
Package: amssymb 2013/01/14 v3.01 AMS font symbols

("C:\Program Files (x86)\MiKTeX 2.9\tex\latex\amsfonts\amsfonts.sty"
Package: amsfonts 2013/01/14 v3.01 Basic AMSFonts support
\@emptytoks=\toks26
\symAMSa=\mathgroup4
\symAMSb=\mathgroup5
LaTeX Font Info:    Overwriting math alphabet `\mathfrak' in version `bold'
(Font)                  U/euf/m/n --> U/euf/b/n on input line 106.
))
("C:\Program Files (x86)\MiKTeX 2.9\tex\latex\sansmathaccent\sansmathaccent.sty
"
Package: sansmathaccent 2013/03/28
 ("C:\Program Files (x86)\MiKTeX 2.9\tex\latex\filehook\filehook.sty"
Package: filehook 2011/10/12 v0.5d Hooks for input files
)))
("C:\Program Files (x86)\MiKTeX 2.9\tex\latex\beamer\base\beamerbasetranslator.
sty"
Package: beamerbasetranslator 2010/06/11  (rcs-revision 85fd1cc7fc42)

("C:\Program Files (x86)\MiKTeX 2.9\tex\latex\beamer\base\translator\translator
.sty"
Package: translator 2010/06/12 ver 1.10

("C:\Program Files (x86)\MiKTeX 2.9\tex\latex\beamer\base\translator\translator
-language-mappings.tex")))
("C:\Program Files (x86)\MiKTeX 2.9\tex\latex\beamer\base\beamerbasemisc.sty"
Package: beamerbasemisc 2013/09/03  (rcs-revision a55719c41d85)
)
("C:\Program Files (x86)\MiKTeX 2.9\tex\latex\beamer\base\beamerbasetwoscreens.
sty"
Package: beamerbasetwoscreens 2010/05/01  (rcs-revision efa082c6111d)
)
("C:\Program Files (x86)\MiKTeX 2.9\tex\latex\beamer\base\beamerbaseoverlay.sty
"
Package: beamerbaseoverlay 2013/12/25  (rcs-revision f6bd5e3805da)
\beamer@argscount=\count125
\beamer@lastskipcover=\skip44
\beamer@trivlistdepth=\count126
) ("C:\Program Files (x86)\MiKTeX 2.9\tex\latex\beamer\base\beamerbasetitle.sty
"
Package: beamerbasetitle 2010/09/21  (rcs-revision f0446ed0b6ae)
)
("C:\Program Files (x86)\MiKTeX 2.9\tex\latex\beamer\base\beamerbasesection.sty
"
Package: beamerbasesection 2013/06/07  (rcs-revision 60b9fe0f342f)
\c@lecture=\count127
\c@part=\count128
\c@section=\count129
\c@subsection=\count130
\c@subsubsection=\count131
) ("C:\Program Files (x86)\MiKTeX 2.9\tex\latex\beamer\base\beamerbaseframe.sty
"
Package: beamerbaseframe 2014/02/20  (rcs-revision 4b8ceeeff434)
\beamer@framebox=\box40
\beamer@frametitlebox=\box41
\beamer@zoombox=\box42
\beamer@zoomcount=\count132
\beamer@zoomframecount=\count133
\beamer@frametextheight=\dimen168
\c@subsectionslide=\count134
\beamer@frametopskip=\skip45
\beamer@framebottomskip=\skip46
\beamer@frametopskipautobreak=\skip47
\beamer@framebottomskipautobreak=\skip48
\beamer@envbody=\toks27
\framewidth=\dimen169
\c@framenumber=\count135
)
("C:\Program Files (x86)\MiKTeX 2.9\tex\latex\beamer\base\beamerbaseverbatim.st
y"
Package: beamerbaseverbatim 2015/01/05  (rcs-revision 431510bb5890)
\beamer@verbatimfileout=\write4
)
("C:\Program Files (x86)\MiKTeX 2.9\tex\latex\beamer\base\beamerbaseframesize.s
ty"
Package: beamerbaseframesize 2011/09/12  (rcs-revision 70f9d8411e54)
\beamer@splitbox=\box43
\beamer@autobreakcount=\count136
\beamer@autobreaklastheight=\dimen170
\beamer@frametitletoks=\toks28
\beamer@framesubtitletoks=\toks29
)
("C:\Program Files (x86)\MiKTeX 2.9\tex\latex\beamer\base\beamerbaseframecompon
ents.sty"
Package: beamerbaseframecomponents 2013/10/18  (rcs-revision 5cf6c5555a45)
\beamer@footins=\box44
)
("C:\Program Files (x86)\MiKTeX 2.9\tex\latex\beamer\base\beamerbasecolor.sty"
Package: beamerbasecolor 2015/02/21  (rcs-revision d944b04ee2d5)
) ("C:\Program Files (x86)\MiKTeX 2.9\tex\latex\beamer\base\beamerbasenotes.sty
"
Package: beamerbasenotes 2012/12/19  (rcs-revision 1686da3db3c9)
\beamer@frameboxcopy=\box45
) ("C:\Program Files (x86)\MiKTeX 2.9\tex\latex\beamer\base\beamerbasetoc.sty"
Package: beamerbasetoc 2015/03/08  (rcs-revision 7270298bbaae)
)
("C:\Program Files (x86)\MiKTeX 2.9\tex\latex\beamer\base\beamerbasetemplates.s
ty"
Package: beamerbasetemplates 2010/05/01  (rcs-revision efa082c6111d)
\beamer@sbttoks=\toks30

("C:\Program Files (x86)\MiKTeX 2.9\tex\latex\beamer\base\beamerbaseauxtemplate
s.sty"
Package: beamerbaseauxtemplates 2014/06/30  (rcs-revision 580088513a67)

("C:\Program Files (x86)\MiKTeX 2.9\tex\latex\beamer\base\beamerbaseboxes.sty"
Package: beamerbaseboxes 2012/05/13  (rcs-revision 56972908a390)
\bmb@box=\box46
\bmb@colorbox=\box47
\bmb@boxshadow=\box48
\bmb@boxshadowball=\box49
\bmb@boxshadowballlarge=\box50
\bmb@temp=\dimen171
\bmb@dima=\dimen172
\bmb@dimb=\dimen173
\bmb@prevheight=\dimen174
)
\beamer@blockheadheight=\dimen175
))
("C:\Program Files (x86)\MiKTeX 2.9\tex\latex\beamer\base\beamerbaselocalstruct
ure.sty"
Package: beamerbaselocalstructure 2014/09/10  (rcs-revision 393f6dcff371)
 ("C:\Program Files (x86)\MiKTeX 2.9\tex\latex\tools\enumerate.sty"
Package: enumerate 1999/03/05 v3.00 enumerate extensions (DPC)
\@enLab=\toks31
)
\c@figure=\count137
\c@table=\count138
\abovecaptionskip=\skip49
\belowcaptionskip=\skip50
)
("C:\Program Files (x86)\MiKTeX 2.9\tex\latex\beamer\base\beamerbasenavigation.
sty"
Package: beamerbasenavigation 2015/02/27  (rcs-revision 923f4bf87efa)
\beamer@section@min@dim=\dimen176
)
("C:\Program Files (x86)\MiKTeX 2.9\tex\latex\beamer\base\beamerbasetheorems.st
y"
Package: beamerbasetheorems 2010/06/06  (rcs-revision 7e7cc5e53e9d)
 ("C:\Program Files (x86)\MiKTeX 2.9\tex\latex\amsmath\amsmath.sty"
Package: amsmath 2013/01/14 v2.14 AMS math features
\@mathmargin=\skip51

For additional information on amsmath, use the `?' option.
("C:\Program Files (x86)\MiKTeX 2.9\tex\latex\amsmath\amstext.sty"
Package: amstext 2000/06/29 v2.01

("C:\Program Files (x86)\MiKTeX 2.9\tex\latex\amsmath\amsgen.sty"
File: amsgen.sty 1999/11/30 v2.0
\@emptytoks=\toks32
\ex@=\dimen177
))
("C:\Program Files (x86)\MiKTeX 2.9\tex\latex\amsmath\amsbsy.sty"
Package: amsbsy 1999/11/29 v1.2d
\pmbraise@=\dimen178
)
("C:\Program Files (x86)\MiKTeX 2.9\tex\latex\amsmath\amsopn.sty"
Package: amsopn 1999/12/14 v2.01 operator names
)
\inf@bad=\count139
LaTeX Info: Redefining \frac on input line 210.
\uproot@=\count140
\leftroot@=\count141
LaTeX Info: Redefining \overline on input line 306.
\classnum@=\count142
\DOTSCASE@=\count143
LaTeX Info: Redefining \ldots on input line 378.
LaTeX Info: Redefining \dots on input line 381.
LaTeX Info: Redefining \cdots on input line 466.
\Mathstrutbox@=\box51
\strutbox@=\box52
\big@size=\dimen179
LaTeX Font Info:    Redeclaring font encoding OML on input line 566.
LaTeX Font Info:    Redeclaring font encoding OMS on input line 567.
\macc@depth=\count144
\c@MaxMatrixCols=\count145
\dotsspace@=\muskip11
\c@parentequation=\count146
\dspbrk@lvl=\count147
\tag@help=\toks33
\row@=\count148
\column@=\count149
\maxfields@=\count150
\andhelp@=\toks34
\eqnshift@=\dimen180
\alignsep@=\dimen181
\tagshift@=\dimen182
\tagwidth@=\dimen183
\totwidth@=\dimen184
\lineht@=\dimen185
\@envbody=\toks35
\multlinegap=\skip52
\multlinetaggap=\skip53
\mathdisplay@stack=\toks36
LaTeX Info: Redefining \[ on input line 2665.
LaTeX Info: Redefining \] on input line 2666.
)
("C:\Program Files (x86)\MiKTeX 2.9\tex\latex\amscls\amsthm.sty"
Package: amsthm 2004/08/06 v2.20
\thm@style=\toks37
\thm@bodyfont=\toks38
\thm@headfont=\toks39
\thm@notefont=\toks40
\thm@headpunct=\toks41
\thm@preskip=\skip54
\thm@postskip=\skip55
\thm@headsep=\skip56
\dth@everypar=\toks42
)
\c@theorem=\count151
)
("C:\Program Files (x86)\MiKTeX 2.9\tex\latex\beamer\base\beamerbasethemes.sty"
Package: beamerbasethemes 2010/05/01  (rcs-revision efa082c6111d)
))
("C:\Program Files (x86)\MiKTeX 2.9\tex\latex\beamer\base\themes\theme\beamerth
emedefault.sty"
Package: beamerthemedefault 2010/06/17  (rcs-revision d02a7cf4d8ae)

("C:\Program Files (x86)\MiKTeX 2.9\tex\latex\beamer\base\themes\font\beamerfon
tthemedefault.sty"
Package: beamerfontthemedefault 2012/12/19  (rcs-revision 1686da3db3c9)
)
("C:\Program Files (x86)\MiKTeX 2.9\tex\latex\beamer\base\themes\color\beamerco
lorthemedefault.sty"
Package: beamercolorthemedefault 2012/12/19  (rcs-revision 1686da3db3c9)
)
("C:\Program Files (x86)\MiKTeX 2.9\tex\latex\beamer\base\themes\inner\beamerin
nerthemedefault.sty"
Package: beamerinnerthemedefault 2014/06/30  (rcs-revision 580088513a67)
\beamer@dima=\dimen186
\beamer@dimb=\dimen187
)
("C:\Program Files (x86)\MiKTeX 2.9\tex\latex\beamer\base\themes\outer\beamerou
terthemedefault.sty"
Package: beamerouterthemedefault 2012/12/19  (rcs-revision 1686da3db3c9)
)))
("C:\Program Files (x86)\MiKTeX 2.9\tex\latex\lm\lmodern.sty"
Package: lmodern 2009/10/30 v1.6 Latin Modern Fonts
LaTeX Font Info:    Overwriting symbol font `operators' in version `normal'
(Font)                  OT1/cmr/m/n --> OT1/lmr/m/n on input line 22.
LaTeX Font Info:    Overwriting symbol font `letters' in version `normal'
(Font)                  OML/cmm/m/it --> OML/lmm/m/it on input line 23.
LaTeX Font Info:    Overwriting symbol font `symbols' in version `normal'
(Font)                  OMS/cmsy/m/n --> OMS/lmsy/m/n on input line 24.
LaTeX Font Info:    Overwriting symbol font `largesymbols' in version `normal'
(Font)                  OMX/cmex/m/n --> OMX/lmex/m/n on input line 25.
LaTeX Font Info:    Overwriting symbol font `operators' in version `bold'
(Font)                  OT1/cmr/bx/n --> OT1/lmr/bx/n on input line 26.
LaTeX Font Info:    Overwriting symbol font `letters' in version `bold'
(Font)                  OML/cmm/b/it --> OML/lmm/b/it on input line 27.
LaTeX Font Info:    Overwriting symbol font `symbols' in version `bold'
(Font)                  OMS/cmsy/b/n --> OMS/lmsy/b/n on input line 28.
LaTeX Font Info:    Overwriting symbol font `largesymbols' in version `bold'
(Font)                  OMX/cmex/m/n --> OMX/lmex/m/n on input line 29.
LaTeX Font Info:    Overwriting math alphabet `\mathbf' in version `normal'
(Font)                  OT1/cmr/bx/n --> OT1/lmr/bx/n on input line 31.
LaTeX Font Info:    Overwriting math alphabet `\mathsf' in version `normal'
(Font)                  OT1/cmss/m/n --> OT1/lmss/m/n on input line 32.
LaTeX Font Info:    Overwriting math alphabet `\mathit' in version `normal'
(Font)                  OT1/cmr/m/it --> OT1/lmr/m/it on input line 33.
LaTeX Font Info:    Overwriting math alphabet `\mathtt' in version `normal'
(Font)                  OT1/cmtt/m/n --> OT1/lmtt/m/n on input line 34.
LaTeX Font Info:    Overwriting math alphabet `\mathbf' in version `bold'
(Font)                  OT1/cmr/bx/n --> OT1/lmr/bx/n on input line 35.
LaTeX Font Info:    Overwriting math alphabet `\mathsf' in version `bold'
(Font)                  OT1/cmss/bx/n --> OT1/lmss/bx/n on input line 36.
LaTeX Font Info:    Overwriting math alphabet `\mathit' in version `bold'
(Font)                  OT1/cmr/bx/it --> OT1/lmr/bx/it on input line 37.
LaTeX Font Info:    Overwriting math alphabet `\mathtt' in version `bold'
(Font)                  OT1/cmtt/m/n --> OT1/lmtt/m/n on input line 38.
)
("C:\Program Files (x86)\MiKTeX 2.9\tex\latex\tools\multicol.sty"
Package: multicol 2011/06/27 v1.7a multicolumn formatting (FMi)
\c@tracingmulticols=\count152
\mult@box=\box53
\multicol@leftmargin=\dimen188
\c@unbalance=\count153
\c@collectmore=\count154
\doublecol@number=\count155
\multicoltolerance=\count156
\multicolpretolerance=\count157
\full@width=\dimen189
\page@free=\dimen190
\premulticols=\dimen191
\postmulticols=\dimen192
\multicolsep=\skip57
\multicolbaselineskip=\skip58
\partial@page=\box54
\last@line=\box55
\mult@rightbox=\box56
\mult@grightbox=\box57
\mult@gfirstbox=\box58
\mult@firstbox=\box59
\@tempa=\box60
\@tempa=\box61
\@tempa=\box62
\@tempa=\box63
\@tempa=\box64
\@tempa=\box65
\@tempa=\box66
\@tempa=\box67
\@tempa=\box68
\@tempa=\box69
\@tempa=\box70
\@tempa=\box71
\@tempa=\box72
\@tempa=\box73
\@tempa=\box74
\@tempa=\box75
\@tempa=\box76
\c@columnbadness=\count158
\c@finalcolumnbadness=\count159
\last@try=\dimen193
\multicolovershoot=\dimen194
\multicolundershoot=\dimen195
\mult@nat@firstbox=\box77
\colbreak@box=\box78
\multicol@sort@counter=\count160
)
("C:\Program Files (x86)\MiKTeX 2.9\tex\latex\graphics\epsfig.sty"
Package: epsfig 1999/02/16 v1.7a (e)psfig emulation (SPQR)
\epsfxsize=\dimen196
\epsfysize=\dimen197
)
("C:\Program Files (x86)\MiKTeX 2.9\tex\latex\oberdiek\epstopdf.sty"
Package: epstopdf 2010/02/09 v2.5 Conversion with epstopdf on the fly (HO)

("C:\Program Files (x86)\MiKTeX 2.9\tex\latex\oberdiek\epstopdf-base.sty"
Package: epstopdf-base 2010/02/09 v2.5 Base part for package epstopdf

("C:\Program Files (x86)\MiKTeX 2.9\tex\latex\oberdiek\grfext.sty"
Package: grfext 2010/08/19 v1.1 Manage graphics extensions (HO)
)
Package grfext Info: Graphics extension search list:
(grfext)             [.png,.pdf,.jpg,.mps,.jpeg,.jbig2,.jb2,.PNG,.PDF,.JPG,.JPE
G,.JBIG2,.JB2,.eps]
(grfext)             \AppendGraphicsExtensions on input line 452.
))
("C:\Program Files (x86)\MiKTeX 2.9\tex\latex\pgf\frontendlayer\tikz.sty"
("C:\Program Files (x86)\MiKTeX 2.9\tex\latex\pgf\basiclayer\pgf.sty"
Package: pgf 2013/12/18 v3.0.0 (rcs-revision 1.14)

("C:\Program Files (x86)\MiKTeX 2.9\tex\generic\pgf\modules\pgfmoduleshapes.cod
e.tex"
File: pgfmoduleshapes.code.tex 2013/10/31  (rcs-revision 1.34)
\pgfnodeparttextbox=\box79
)
("C:\Program Files (x86)\MiKTeX 2.9\tex\generic\pgf\modules\pgfmoduleplot.code.
tex"
File: pgfmoduleplot.code.tex 2013/07/31  (rcs-revision 1.12)
)
("C:\Program Files (x86)\MiKTeX 2.9\tex\latex\pgf\compatibility\pgfcomp-version
-0-65.sty"
Package: pgfcomp-version-0-65 2007/07/03 v3.0.0 (rcs-revision 1.7)
\pgf@nodesepstart=\dimen198
\pgf@nodesepend=\dimen199
)
("C:\Program Files (x86)\MiKTeX 2.9\tex\latex\pgf\compatibility\pgfcomp-version
-1-18.sty"
Package: pgfcomp-version-1-18 2007/07/23 v3.0.0 (rcs-revision 1.1)
))
("C:\Program Files (x86)\MiKTeX 2.9\tex\latex\pgf\utilities\pgffor.sty"
("C:\Program Files (x86)\MiKTeX 2.9\tex\latex\pgf\utilities\pgfkeys.sty"
("C:\Program Files (x86)\MiKTeX 2.9\tex\generic\pgf\utilities\pgfkeys.code.tex"
)) ("C:\Program Files (x86)\MiKTeX 2.9\tex\latex\pgf\math\pgfmath.sty"
("C:\Program Files (x86)\MiKTeX 2.9\tex\generic\pgf\math\pgfmath.code.tex"))
("C:\Program Files (x86)\MiKTeX 2.9\tex\generic\pgf\utilities\pgffor.code.tex"
Package: pgffor 2013/12/13 v3.0.0 (rcs-revision 1.25)

("C:\Program Files (x86)\MiKTeX 2.9\tex\generic\pgf\math\pgfmath.code.tex")
\pgffor@iter=\dimen200
\pgffor@skip=\dimen201
\pgffor@stack=\toks43
\pgffor@toks=\toks44
))
("C:\Program Files (x86)\MiKTeX 2.9\tex\generic\pgf\frontendlayer\tikz\tikz.cod
e.tex"
Package: tikz 2013/12/13 v3.0.0 (rcs-revision 1.142)

("C:\Program Files (x86)\MiKTeX 2.9\tex\generic\pgf\libraries\pgflibraryplothan
dlers.code.tex"
File: pgflibraryplothandlers.code.tex 2013/08/31 v3.0.0 (rcs-revision 1.20)
\pgf@plot@mark@count=\count161
\pgfplotmarksize=\dimen202
)
\tikz@lastx=\dimen203
\tikz@lasty=\dimen204
\tikz@lastxsaved=\dimen205
\tikz@lastysaved=\dimen206
\tikzleveldistance=\dimen207
\tikzsiblingdistance=\dimen208
\tikz@figbox=\box80
\tikz@figbox@bg=\box81
\tikz@tempbox=\box82
\tikz@tempbox@bg=\box83
\tikztreelevel=\count162
\tikznumberofchildren=\count163
\tikznumberofcurrentchild=\count164
\tikz@fig@count=\count165

("C:\Program Files (x86)\MiKTeX 2.9\tex\generic\pgf\modules\pgfmodulematrix.cod
e.tex"
File: pgfmodulematrix.code.tex 2013/09/17  (rcs-revision 1.8)
\pgfmatrixcurrentrow=\count166
\pgfmatrixcurrentcolumn=\count167
\pgf@matrix@numberofcolumns=\count168
)
\tikz@expandcount=\count169

("C:\Program Files (x86)\MiKTeX 2.9\tex\generic\pgf\frontendlayer\tikz\librarie
s\tikzlibrarytopaths.code.tex"
File: tikzlibrarytopaths.code.tex 2008/06/17 v3.0.0 (rcs-revision 1.2)
)))
("C:\Program Files (x86)\MiKTeX 2.9\tex\latex\tools\array.sty"
Package: array 2008/09/09 v2.4c Tabular extension package (FMi)
\col@sep=\dimen209
\extrarowheight=\dimen210
\NC@list=\toks45
\extratabsurround=\skip59
\backup@length=\skip60
)
("C:\Program Files (x86)\MiKTeX 2.9\tex\latex\caption\caption.sty"
Package: caption 2013/05/02 v3.3-89 Customizing captions (AR)

("C:\Program Files (x86)\MiKTeX 2.9\tex\latex\caption\caption3.sty"
Package: caption3 2013/05/02 v1.6-88 caption3 kernel (AR)
Package caption3 Info: TeX engine: e-TeX on input line 57.
\captionmargin=\dimen211
\captionmargin@=\dimen212
\captionwidth=\dimen213
\caption@tempdima=\dimen214
\caption@indent=\dimen215
\caption@parindent=\dimen216
\caption@hangindent=\dimen217
)
\c@ContinuedFloat=\count170
Package caption Info: beamer document class.
Package caption Info: hyperref package is loaded.
Package caption Info: Hyperref support is turned off
(caption)             because hyperref has stopped early.
)
("C:\Program Files (x86)\MiKTeX 2.9\tex\latex\caption\subcaption.sty"
Package: subcaption 2013/02/03 v1.1-62 Sub-captions (AR)
\c@subfigure=\count171
\c@subtable=\count172
)
\c@assumption=\count173

("C:\Program Files (x86)\MiKTeX 2.9\tex\generic\pgf\libraries\pgflibraryarrows.
meta.code.tex"
File: pgflibraryarrows.meta.code.tex 2013/12/13 v3.0.0 (rcs-revision 1.12)
\pgfarrowinset=\dimen218
\pgfarrowlength=\dimen219
\pgfarrowwidth=\dimen220
\pgfarrowlinewidth=\dimen221
)
("C:\Program Files (x86)\MiKTeX 2.9\tex\generic\pgf\frontendlayer\tikz\librarie
s\tikzlibrarycalc.code.tex"
File: tikzlibrarycalc.code.tex 2013/07/15 v3.0.0 (rcs-revision 1.9)
)
("C:\Program Files (x86)\MiKTeX 2.9\tex\generic\pgf\frontendlayer\tikz\librarie
s\tikzlibrarydecorations.markings.code.tex"
("C:\Program Files (x86)\MiKTeX 2.9\tex\generic\pgf\frontendlayer\tikz\librarie
s\tikzlibrarydecorations.code.tex"
("C:\Program Files (x86)\MiKTeX 2.9\tex\generic\pgf\modules\pgfmoduledecoration
s.code.tex"
\pgfdecoratedcompleteddistance=\dimen222
\pgfdecoratedremainingdistance=\dimen223
\pgfdecoratedinputsegmentcompleteddistance=\dimen224
\pgfdecoratedinputsegmentremainingdistance=\dimen225
\pgf@decorate@distancetomove=\dimen226
\pgf@decorate@repeatstate=\count174
\pgfdecorationsegmentamplitude=\dimen227
\pgfdecorationsegmentlength=\dimen228
)
\tikz@lib@dec@box=\box84
)
("C:\Program Files (x86)\MiKTeX 2.9\tex\generic\pgf\libraries\decorations\pgfli
brarydecorations.markings.code.tex"))
("C:\Program Files (x86)\MiKTeX 2.9\tex\generic\pgf\frontendlayer\tikz\librarie
s\tikzlibrarymath.code.tex"
\tikz@math@for@depth=\count175
\tikz@math@dimen=\dimen229
\tikz@math@toks=\toks46
)
("C:\Program Files (x86)\MiKTeX 2.9\tex\generic\pgf\frontendlayer\tikz\librarie
s\tikzlibrarydecorations.pathreplacing.code.tex"
("C:\Program Files (x86)\MiKTeX 2.9\tex\generic\pgf\libraries\decorations\pgfli
brarydecorations.pathreplacing.code.tex"))
("C:\Program Files (x86)\MiKTeX 2.9\tex\latex\beamer\base\themes\theme\beamerth
emeCambridgeUS.sty"
Package: beamerthemeCambridgeUS 2010/06/17  (rcs-revision d02a7cf4d8ae)

("C:\Program Files (x86)\MiKTeX 2.9\tex\latex\beamer\base\themes\inner\beamerin
nerthemerounded.sty"
Package: beamerinnerthemerounded 2010/06/17  (rcs-revision d02a7cf4d8ae)
)
("C:\Program Files (x86)\MiKTeX 2.9\tex\latex\beamer\base\themes\outer\beamerou
terthemeinfolines.sty"
Package: beamerouterthemeinfolines 2012/10/16  (rcs-revision 51a8c72084af)
)
("C:\Program Files (x86)\MiKTeX 2.9\tex\latex\beamer\base\themes\color\beamerco
lorthemebeaver.sty"
Package: beamercolorthemebeaver 2010/06/17  (rcs-revision d02a7cf4d8ae)
))
("C:\Users\Yetian Chen\Desktop\Pearson\PrerequisiteDiscovery\EDM2016\slides-sha
re-with-jose\command.aux")
LaTeX Font Info:    Checking defaults for OML/cmm/m/it on input line 70.
LaTeX Font Info:    ... okay on input line 70.
LaTeX Font Info:    Checking defaults for T1/cmr/m/n on input line 70.
LaTeX Font Info:    ... okay on input line 70.
LaTeX Font Info:    Checking defaults for OT1/cmr/m/n on input line 70.
LaTeX Font Info:    ... okay on input line 70.
LaTeX Font Info:    Checking defaults for OMS/cmsy/m/n on input line 70.
LaTeX Font Info:    ... okay on input line 70.
LaTeX Font Info:    Checking defaults for OMX/cmex/m/n on input line 70.
LaTeX Font Info:    ... okay on input line 70.
LaTeX Font Info:    Checking defaults for U/cmr/m/n on input line 70.
LaTeX Font Info:    ... okay on input line 70.
LaTeX Font Info:    Checking defaults for PD1/pdf/m/n on input line 70.
LaTeX Font Info:    ... okay on input line 70.
LaTeX Font Info:    Try loading font information for OT1+lmss on input line 70.


("C:\Program Files (x86)\MiKTeX 2.9\tex\latex\lm\ot1lmss.fd"
File: ot1lmss.fd 2009/10/30 v1.6 Font defs for Latin Modern
)
*geometry* driver: auto-detecting
*geometry* detected driver: pdftex
*geometry* verbose mode - [ preamble ] result:
* driver: pdftex
* paper: custom
* layout: <same size as paper>
* layoutoffset:(h,v)=(0.0pt,0.0pt)
* modes: includehead includefoot 
* h-part:(L,W,R)=(10.95003pt, 342.2953pt, 10.95003pt)
* v-part:(T,H,B)=(0.0pt, 273.14662pt, 0.0pt)
* \paperwidth=364.19536pt
* \paperheight=273.14662pt
* \textwidth=342.2953pt
* \textheight=244.6939pt
* \oddsidemargin=-61.31996pt
* \evensidemargin=-61.31996pt
* \topmargin=-72.26999pt
* \headheight=14.22636pt
* \headsep=0.0pt
* \topskip=11.0pt
* \footskip=14.22636pt
* \marginparwidth=4.0pt
* \marginparsep=10.0pt
* \columnsep=10.0pt
* \skip\footins=10.0pt plus 4.0pt minus 2.0pt
* \hoffset=0.0pt
* \voffset=0.0pt
* \mag=1000
* \@twocolumnfalse
* \@twosidefalse
* \@mparswitchfalse
* \@reversemarginfalse
* (1in=72.27pt=25.4mm, 1cm=28.453pt)

("C:\Program Files (x86)\MiKTeX 2.9\tex\context\base\supp-pdf.mkii"
[Loading MPS to PDF converter (version 2006.09.02).]
\scratchcounter=\count176
\scratchdimen=\dimen230
\scratchbox=\box85
\nofMPsegments=\count177
\nofMParguments=\count178
\everyMPshowfont=\toks47
\MPscratchCnt=\count179
\MPscratchDim=\dimen231
\MPnumerator=\count180
\makeMPintoPDFobject=\count181
\everyMPtoPDFconversion=\toks48
) ABD: EveryShipout initializing macros
\AtBeginShipoutBox=\box86
Package hyperref Info: Link coloring OFF on input line 70.

("C:\Program Files (x86)\MiKTeX 2.9\tex\latex\hyperref\nameref.sty"
Package: nameref 2012/10/27 v2.43 Cross-referencing by name of section

("C:\Program Files (x86)\MiKTeX 2.9\tex\generic\oberdiek\gettitlestring.sty"
Package: gettitlestring 2010/12/03 v1.4 Cleanup title references (HO)
)
\c@section@level=\count182
)
LaTeX Info: Redefining \ref on input line 70.
LaTeX Info: Redefining \pageref on input line 70.
LaTeX Info: Redefining \nameref on input line 70.

("C:\Users\Yetian Chen\Desktop\Pearson\PrerequisiteDiscovery\EDM2016\slides-sha
re-with-jose\command.out")
("C:\Users\Yetian Chen\Desktop\Pearson\PrerequisiteDiscovery\EDM2016\slides-sha
re-with-jose\command.out")
\@outlinefile=\write5
LaTeX Font Info:    Overwriting symbol font `operators' in version `normal'
(Font)                  OT1/lmr/m/n --> OT1/cmss/m/n on input line 70.
LaTeX Font Info:    Overwriting symbol font `operators' in version `bold'
(Font)                  OT1/lmr/bx/n --> OT1/cmss/bx/n on input line 70.
LaTeX Font Info:    Overwriting symbol font `operators' in version `normal'
(Font)                  OT1/cmss/m/n --> OT1/lmss/m/n on input line 70.
LaTeX Font Info:    Overwriting symbol font `operators' in version `bold'
(Font)                  OT1/cmss/bx/n --> OT1/lmss/bx/n on input line 70.
\symnumbers=\mathgroup6
\sympureletters=\mathgroup7
LaTeX Font Info:    Overwriting math alphabet `\mathrm' in version `normal'
(Font)                  OT1/lmss/m/n --> OT1/lmr/m/n on input line 70.
LaTeX Font Info:    Redeclaring math alphabet \mathbf on input line 70.
LaTeX Font Info:    Overwriting math alphabet `\mathbf' in version `normal'
(Font)                  OT1/lmr/bx/n --> OT1/lmss/bx/n on input line 70.
LaTeX Font Info:    Overwriting math alphabet `\mathbf' in version `bold'
(Font)                  OT1/lmr/bx/n --> OT1/lmss/bx/n on input line 70.
LaTeX Font Info:    Redeclaring math alphabet \mathsf on input line 70.
LaTeX Font Info:    Overwriting math alphabet `\mathsf' in version `normal'
(Font)                  OT1/lmss/m/n --> OT1/lmss/m/n on input line 70.
LaTeX Font Info:    Overwriting math alphabet `\mathsf' in version `bold'
(Font)                  OT1/lmss/bx/n --> OT1/lmss/m/n on input line 70.
LaTeX Font Info:    Redeclaring math alphabet \mathit on input line 70.
LaTeX Font Info:    Overwriting math alphabet `\mathit' in version `normal'
(Font)                  OT1/lmr/m/it --> OT1/lmss/m/it on input line 70.
LaTeX Font Info:    Overwriting math alphabet `\mathit' in version `bold'
(Font)                  OT1/lmr/bx/it --> OT1/lmss/m/it on input line 70.
LaTeX Font Info:    Redeclaring math alphabet \mathtt on input line 70.
LaTeX Font Info:    Overwriting math alphabet `\mathtt' in version `normal'
(Font)                  OT1/lmtt/m/n --> OT1/lmtt/m/n on input line 70.
LaTeX Font Info:    Overwriting math alphabet `\mathtt' in version `bold'
(Font)                  OT1/lmtt/m/n --> OT1/lmtt/m/n on input line 70.
LaTeX Font Info:    Overwriting symbol font `numbers' in version `bold'
(Font)                  OT1/lmss/m/n --> OT1/lmss/bx/n on input line 70.
LaTeX Font Info:    Overwriting symbol font `pureletters' in version `bold'
(Font)                  OT1/lmss/m/it --> OT1/lmss/bx/it on input line 70.
LaTeX Font Info:    Overwriting math alphabet `\mathrm' in version `bold'
(Font)                  OT1/lmss/bx/n --> OT1/lmr/bx/n on input line 70.
LaTeX Font Info:    Overwriting math alphabet `\mathbf' in version `bold'
(Font)                  OT1/lmss/bx/n --> OT1/lmss/bx/n on input line 70.
LaTeX Font Info:    Overwriting math alphabet `\mathsf' in version `bold'
(Font)                  OT1/lmss/m/n --> OT1/lmss/bx/n on input line 70.
LaTeX Font Info:    Overwriting math alphabet `\mathit' in version `bold'
(Font)                  OT1/lmss/m/it --> OT1/lmss/bx/it on input line 70.
LaTeX Font Info:    Overwriting math alphabet `\mathtt' in version `bold'
(Font)                  OT1/lmtt/m/n --> OT1/lmtt/bx/n on input line 70.

("C:\Program Files (x86)\MiKTeX 2.9\tex\latex\beamer\base\translator\dicts\tran
slator-basic-dictionary\translator-basic-dictionary-English.dict"
Dictionary: translator-basic-dictionary, Language: English 
)
("C:\Program Files (x86)\MiKTeX 2.9\tex\latex\beamer\base\translator\dicts\tran
slator-bibliography-dictionary\translator-bibliography-dictionary-English.dict"
Dictionary: translator-bibliography-dictionary, Language: English 
)
("C:\Program Files (x86)\MiKTeX 2.9\tex\latex\beamer\base\translator\dicts\tran
slator-environment-dictionary\translator-environment-dictionary-English.dict"
Dictionary: translator-environment-dictionary, Language: English 
)
("C:\Program Files (x86)\MiKTeX 2.9\tex\latex\beamer\base\translator\dicts\tran
slator-months-dictionary\translator-months-dictionary-English.dict"
Dictionary: translator-months-dictionary, Language: English 
)
("C:\Program Files (x86)\MiKTeX 2.9\tex\latex\beamer\base\translator\dicts\tran
slator-numbers-dictionary\translator-numbers-dictionary-English.dict"
Dictionary: translator-numbers-dictionary, Language: English 
)
("C:\Program Files (x86)\MiKTeX 2.9\tex\latex\beamer\base\translator\dicts\tran
slator-theorem-dictionary\translator-theorem-dictionary-English.dict"
Dictionary: translator-theorem-dictionary, Language: English 
)
LaTeX Info: Redefining \includegraphics on input line 70.
Package caption Info: Begin \AtBeginDocument code.
Package caption Info: Incompatible package detected (regarding \caption).
(caption)             \caption = macro:->\ifx \@captype \@undefined \@latex@err
or {\noexpand \caption outside figure or table}\@ehd \expandafter \@gobble \els
e \refstepcounter \@captype \expandafter \@firstofone \fi {\@dblarg {\@caption 
\@captype }}.


Package caption Warning: Forced redefinition of \caption since the
(caption)                unsupported(!) package option `compatibility=false'
(caption)                was given.
See the caption package documentation for explanation.

Package caption Info: End \AtBeginDocument code.

("C:\Users\Yetian Chen\Desktop\Pearson\PrerequisiteDiscovery\EDM2016\slides-sha
re-with-jose\command.nav")
LaTeX Font Info:    Try loading font information for OML+lmm on input line 74.

("C:\Program Files (x86)\MiKTeX 2.9\tex\latex\lm\omllmm.fd"
File: omllmm.fd 2009/10/30 v1.6 Font defs for Latin Modern
)
LaTeX Font Info:    Try loading font information for OMS+lmsy on input line 74.


("C:\Program Files (x86)\MiKTeX 2.9\tex\latex\lm\omslmsy.fd"
File: omslmsy.fd 2009/10/30 v1.6 Font defs for Latin Modern
)
LaTeX Font Info:    Try loading font information for OMX+lmex on input line 74.


("C:\Program Files (x86)\MiKTeX 2.9\tex\latex\lm\omxlmex.fd"
File: omxlmex.fd 2009/10/30 v1.6 Font defs for Latin Modern
)
LaTeX Font Info:    External font `lmex10' loaded for size
(Font)              <10.95> on input line 74.
LaTeX Font Info:    External font `lmex10' loaded for size
(Font)              <8> on input line 74.
LaTeX Font Info:    External font `lmex10' loaded for size
(Font)              <6> on input line 74.
LaTeX Font Info:    Try loading font information for U+msa on input line 74.

("C:\Program Files (x86)\MiKTeX 2.9\tex\latex\amsfonts\umsa.fd"
File: umsa.fd 2013/01/14 v3.01 AMS symbols A
)
LaTeX Font Info:    Try loading font information for U+msb on input line 74.

("C:\Program Files (x86)\MiKTeX 2.9\tex\latex\amsfonts\umsb.fd"
File: umsb.fd 2013/01/14 v3.01 AMS symbols B
)
LaTeX Font Info:    Font shape `OT1/lmss/m/it' in size <10.95> not available
(Font)              Font shape `OT1/lmss/m/sl' tried instead on input line 74.
LaTeX Font Info:    Font shape `OT1/lmss/m/it' in size <8> not available
(Font)              Font shape `OT1/lmss/m/sl' tried instead on input line 74.
LaTeX Font Info:    Font shape `OT1/lmss/m/it' in size <6> not available
(Font)              Font shape `OT1/lmss/m/sl' tried instead on input line 74.
LaTeX Font Info:    External font `lmex10' loaded for size
(Font)              <5> on input line 74.
LaTeX Font Info:    Font shape `OT1/lmss/m/it' in size <5> not available
(Font)              Font shape `OT1/lmss/m/sl' tried instead on input line 74.
 [1

{C:/ProgramData/MiKTeX/2.9/pdftex/config/pdftex.map}]
("C:\Users\Yetian Chen\Desktop\Pearson\PrerequisiteDiscovery\EDM2016\slides-sha
re-with-jose\command.toc") [2

] [3

]
<figures/studentmodel-as-BN.png, id=155, 514.0806pt x 312.6882pt>
File: figures/studentmodel-as-BN.png Graphic file (type png)

<use figures/studentmodel-as-BN.png>
Package pdftex.def Info: figures/studentmodel-as-BN.png used on input line 103.

(pdftex.def)             Requested size: 246.75587pt x 150.08862pt.
 [4

 <C:/Users/Yetian Chen/Desktop/Pearson/PrerequisiteDiscovery/EDM2016/slides-sha
re-with-jose/figures/studentmodel-as-BN.png>]
LaTeX Font Info:    External font `lmex10' loaded for size
(Font)              <10> on input line 118.
LaTeX Font Info:    External font `lmex10' loaded for size
(Font)              <7> on input line 118.
LaTeX Font Info:    Font shape `OT1/lmss/m/it' in size <10> not available
(Font)              Font shape `OT1/lmss/m/sl' tried instead on input line 118.

LaTeX Font Info:    Font shape `OT1/lmss/m/it' in size <7> not available
(Font)              Font shape `OT1/lmss/m/sl' tried instead on input line 118.

 <figures/prereqdiscovery.png, id=185, 809.424pt x 306.9066pt>
File: figures/prereqdiscovery.png Graphic file (type png)

<use figures/prereqdiscovery.png>
Package pdftex.def Info: figures/prereqdiscovery.png used on input line 118.
(pdftex.def)             Requested size: 323.76387pt x 122.76045pt.
 [5

 <C:/Users/Yetian Chen/Desktop/Pearson/PrerequisiteDiscovery/EDM2016/slides-sha
re-with-jose/figures/prereqdiscovery.png>]
<figures/s1s2s3.png, id=217, 147.4308pt x 39.0258pt>
File: figures/s1s2s3.png Graphic file (type png)
 <use figures/s1s2s3.png>
Package pdftex.def Info: figures/s1s2s3.png used on input line 153.
(pdftex.def)             Requested size: 92.42003pt x 24.4637pt.

<figures/s2s1s3.png, id=218, 147.4308pt x 39.0258pt>
File: figures/s2s1s3.png Graphic file (type png)
 <use figures/s2s1s3.png>
Package pdftex.def Info: figures/s2s1s3.png used on input line 153.
(pdftex.def)             Requested size: 92.42003pt x 24.4637pt.

<figures/s3s2s1.png, id=219, 147.4308pt x 39.0258pt>
File: figures/s3s2s1.png Graphic file (type png)
 <use figures/s3s2s1.png>
Package pdftex.def Info: figures/s3s2s1.png used on input line 153.
(pdftex.def)             Requested size: 92.42003pt x 24.4637pt.

[6

 <C:/Users/Yetian Chen/Desktop/Pearson/PrerequisiteDiscovery/EDM2016/slides-sha
re-with-jose/figures/s1s2s3.png> <C:/Users/Yetian Chen/Desktop/Pearson/Prerequi
siteDiscovery/EDM2016/slides-share-with-jose/figures/s2s1s3.png> <C:/Users/Yeti
an Chen/Desktop/Pearson/PrerequisiteDiscovery/EDM2016/slides-share-with-jose/fi
gures/s3s2s1.png>] <figures/command.png, id=256, 639.3486pt x 360.8682pt>
File: figures/command.png Graphic file (type png)

<use figures/command.png>
Package pdftex.def Info: figures/command.png used on input line 163.
(pdftex.def)             Requested size: 319.67351pt x 180.43365pt.
 [7

 <C:/Users/Yetian Chen/Desktop/Pearson/PrerequisiteDiscovery/EDM2016/slides-sha
re-with-jose/figures/command.png>]
<figures/learningbn.jpg, id=286, 715.9548pt x 331.9602pt>
File: figures/learningbn.jpg Graphic file (type jpg)

<use figures/learningbn.jpg>
Package pdftex.def Info: figures/learningbn.jpg used on input line 178.
(pdftex.def)             Requested size: 286.37685pt x 132.78172pt.
 [8

 <C:/Users/Yetian Chen/Desktop/Pearson/PrerequisiteDiscovery/EDM2016/slides-sha
re-with-jose/figures/learningbn.jpg>]
<figures/markovequiv.png, id=316, 353.1594pt x 73.2336pt>
File: figures/markovequiv.png Graphic file (type png)

<use figures/markovequiv.png>
Package pdftex.def Info: figures/markovequiv.png used on input line 194.
(pdftex.def)             Requested size: 211.89725pt x 43.94048pt.
 [9

 <C:/Users/Yetian Chen/Desktop/Pearson/PrerequisiteDiscovery/EDM2016/slides-sha
re-with-jose/figures/markovequiv.png>]
<figures/structuresearch.jpg, id=347, 642.2394pt x 403.2666pt>
File: figures/structuresearch.jpg Graphic file (type jpg)

<use figures/structuresearch.jpg>
Package pdftex.def Info: figures/structuresearch.jpg used on input line 212.
(pdftex.def)             Requested size: 192.6733pt x 120.98091pt.
 [10

 <C:/Users/Yetian Chen/Desktop/Pearson/PrerequisiteDiscovery/EDM2016/slides-sha
re-with-jose/figures/structuresearch.jpg>] <figures/bnlatent.png, id=377, 537.6
888pt x 164.7756pt>
File: figures/bnlatent.png Graphic file (type png)

<use figures/bnlatent.png>
Package pdftex.def Info: figures/bnlatent.png used on input line 230.
(pdftex.def)             Requested size: 268.84373pt x 82.38759pt.
 [11

 <C:/Users/Yetian Chen/Desktop/Pearson/PrerequisiteDiscovery/EDM2016/slides-sha
re-with-jose/figures/bnlatent.png>]
<figures/traditionalEM.png, id=407, 611.4042pt x 403.7484pt>
File: figures/traditionalEM.png Graphic file (type png)

<use figures/traditionalEM.png>
Package pdftex.def Info: figures/traditionalEM.png used on input line 246.
(pdftex.def)             Requested size: 213.99467pt x 141.31404pt.
 [12

 <C:/Users/Yetian Chen/Desktop/Pearson/PrerequisiteDiscovery/EDM2016/slides-sha
re-with-jose/figures/traditionalEM.png>]
<figures/sem.png, id=438, 706.3188pt x 258.2448pt>
File: figures/sem.png Graphic file (type png)
 <use figures/sem.png>
Package pdftex.def Info: figures/sem.png used on input line 259.
(pdftex.def)             Requested size: 339.02916pt x 123.95609pt.

[13

 <C:/Users/Yetian Chen/Desktop/Pearson/PrerequisiteDiscovery/EDM2016/slides-sha
re-with-jose/figures/sem.png>] [14

]
File: figures/s1s2s3.png Graphic file (type png)
 <use figures/s1s2s3.png>
Package pdftex.def Info: figures/s1s2s3.png used on input line 302.
(pdftex.def)             Requested size: 92.42003pt x 24.4637pt.
File: figures/s2s1s3.png Graphic file (type png)

<use figures/s2s1s3.png>
Package pdftex.def Info: figures/s2s1s3.png used on input line 302.
(pdftex.def)             Requested size: 92.42003pt x 24.4637pt.
File: figures/s3s2s1.png Graphic file (type png)
 <use figures/s3s2s1.png>
Package pdftex.def Info: figures/s3s2s1.png used on input line 302.
(pdftex.def)             Requested size: 92.42003pt x 24.4637pt.
 [15

]
<figures/contour1.png, id=533, 421.575pt x 316.18124pt>
File: figures/contour1.png Graphic file (type png)

<use figures/contour1.png>
Package pdftex.def Info: figures/contour1.png used on input line 333.
(pdftex.def)             Requested size: 109.537pt x 82.1521pt.

<figures/contour2.png, id=534, 421.575pt x 316.18124pt>
File: figures/contour2.png Graphic file (type png)

<use figures/contour2.png>
Package pdftex.def Info: figures/contour2.png used on input line 333.
(pdftex.def)             Requested size: 109.537pt x 82.1521pt.

<figures/contour3.png, id=535, 421.575pt x 316.18124pt>
File: figures/contour3.png Graphic file (type png)

<use figures/contour3.png>
Package pdftex.def Info: figures/contour3.png used on input line 333.
(pdftex.def)             Requested size: 109.537pt x 82.1521pt.
LaTeX Font Info:    External font `lmex10' loaded for size
(Font)              <9> on input line 333.
LaTeX Font Info:    Font shape `OT1/lmss/m/it' in size <9> not available
(Font)              Font shape `OT1/lmss/m/sl' tried instead on input line 333.


Overfull \vbox (22.48819pt too high) detected at line 333
 []

[16

 <C:/Users/Yetian Chen/Desktop/Pearson/PrerequisiteDiscovery/EDM2016/slides-sha
re-with-jose/figures/contour1.png (PNG copy)> <C:/Users/Yetian Chen/Desktop/Pea
rson/PrerequisiteDiscovery/EDM2016/slides-share-with-jose/figures/contour2.png 
(PNG copy)> <C:/Users/Yetian Chen/Desktop/Pearson/PrerequisiteDiscovery/EDM2016
/slides-share-with-jose/figures/contour3.png (PNG copy)>]
<figures/orient-edges-1.png, id=565, 147.9126pt x 124.7862pt>
File: figures/orient-edges-1.png Graphic file (type png)

<use figures/orient-edges-1.png>
Package pdftex.def Info: figures/orient-edges-1.png used on input line 368.
(pdftex.def)             Requested size: 78.04485pt x 65.84503pt.

<figures/orient-edges-2.png, id=566, 147.9126pt x 124.7862pt>
File: figures/orient-edges-2.png Graphic file (type png)

<use figures/orient-edges-2.png>
Package pdftex.def Info: figures/orient-edges-2.png used on input line 368.
(pdftex.def)             Requested size: 78.04485pt x 65.84503pt.

<figures/orient-edges-3.png, id=567, 147.9126pt x 124.7862pt>
File: figures/orient-edges-3.png Graphic file (type png)

<use figures/orient-edges-3.png>
Package pdftex.def Info: figures/orient-edges-3.png used on input line 368.
(pdftex.def)             Requested size: 78.04485pt x 65.84503pt.

<figures/orient-edges-4.png, id=568, 147.9126pt x 124.7862pt>
File: figures/orient-edges-4.png Graphic file (type png)

<use figures/orient-edges-4.png>
Package pdftex.def Info: figures/orient-edges-4.png used on input line 368.
(pdftex.def)             Requested size: 78.04485pt x 65.84503pt.
 [17

 <C:/Users/Yetian Chen/Desktop/Pearson/PrerequisiteDiscovery/EDM2016/slides-sha
re-with-jose/figures/orient-edges-1.png> <C:/Users/Yetian Chen/Desktop/Pearson/
PrerequisiteDiscovery/EDM2016/slides-share-with-jose/figures/orient-edges-2.png
> <C:/Users/Yetian Chen/Desktop/Pearson/PrerequisiteDiscovery/EDM2016/slides-sh
are-with-jose/figures/orient-edges-3.png> <C:/Users/Yetian Chen/Desktop/Pearson
/PrerequisiteDiscovery/EDM2016/slides-share-with-jose/figures/orient-edges-4.pn
g>]
<figures/model1.png, id=601, 159.4758pt x 28.4262pt>
File: figures/model1.png Graphic file (type png)
 <use figures/model1.png>
Package pdftex.def Info: figures/model1.png used on input line 402.
(pdftex.def)             Requested size: 82.15201pt x 14.64375pt.

<figures/model2.png, id=602, 141.6492pt x 106.9596pt>
File: figures/model2.png Graphic file (type png)
 <use figures/model2.png>
Package pdftex.def Info: figures/model2.png used on input line 402.
(pdftex.def)             Requested size: 71.88242pt x 54.27774pt.

<figures/model3.png, id=603, 117.5592pt x 209.1012pt>
File: figures/model3.png Graphic file (type png)
 <use figures/model3.png>
Package pdftex.def Info: figures/model3.png used on input line 402.
(pdftex.def)             Requested size: 61.6144pt x 109.59152pt.

Overfull \vbox (19.36157pt too high) detected at line 402
 []

[18

 <C:/Users/Yetian Chen/Desktop/Pearson/PrerequisiteDiscovery/EDM2016/slides-sha
re-with-jose/figures/model1.png> <C:/Users/Yetian Chen/Desktop/Pearson/Prerequi
siteDiscovery/EDM2016/slides-share-with-jose/figures/model2.png> <C:/Users/Yeti
an Chen/Desktop/Pearson/PrerequisiteDiscovery/EDM2016/slides-share-with-jose/fi
gures/model3.png>] [19

] [20

]
Package epstopdf Info: Source file: <figures/F1A_single.eps>
(epstopdf)                    date: 2016-02-02 00:40:16
(epstopdf)                    size: 27387 bytes
(epstopdf)             Output file: <figures/F1A_single-eps-converted-to.pdf>
(epstopdf)                    date: 2016-02-02 01:58:15
(epstopdf)                    size: 3931 bytes
(epstopdf)             Command: <epstopdf --outfile=figures/F1A_single-eps-conv
erted-to.pdf figures/F1A_single.eps>
(epstopdf)             \includegraphics on input line 468.
Package epstopdf Info: Output file is already uptodate.

<figures/F1A_single-eps-converted-to.pdf, id=695, 361.35pt x 252.945pt>
File: figures/F1A_single-eps-converted-to.pdf Graphic file (type pdf)

<use figures/F1A_single-eps-converted-to.pdf>
Package pdftex.def Info: figures/F1A_single-eps-converted-to.pdf used on input 
line 468.
(pdftex.def)             Requested size: 119.24615pt x 83.4721pt.

Overfull \hbox (10.84116pt too wide) in paragraph at lines 468--468
 []|[]| 
 []

Package epstopdf Info: Source file: <figures/F1A_multi.eps>
(epstopdf)                    date: 2016-02-02 00:38:21
(epstopdf)                    size: 27409 bytes
(epstopdf)             Output file: <figures/F1A_multi-eps-converted-to.pdf>
(epstopdf)                    date: 2016-02-02 01:58:16
(epstopdf)                    size: 3945 bytes
(epstopdf)             Command: <epstopdf --outfile=figures/F1A_multi-eps-conve
rted-to.pdf figures/F1A_multi.eps>
(epstopdf)             \includegraphics on input line 468.
Package epstopdf Info: Output file is already uptodate.
<figures/F1A_multi-eps-converted-to.pdf, id=696, 361.35pt x 252.945pt>
File: figures/F1A_multi-eps-converted-to.pdf Graphic file (type pdf)

<use figures/F1A_multi-eps-converted-to.pdf>
Package pdftex.def Info: figures/F1A_multi-eps-converted-to.pdf used on input l
ine 468.
(pdftex.def)             Requested size: 119.24615pt x 83.4721pt.

Overfull \hbox (10.84116pt too wide) in paragraph at lines 468--468
 []|[]| 
 []

Package epstopdf Info: Source file: <figures/F1O_single.eps>
(epstopdf)                    date: 2016-02-02 00:44:06
(epstopdf)                    size: 25110 bytes
(epstopdf)             Output file: <figures/F1O_single-eps-converted-to.pdf>
(epstopdf)                    date: 2016-02-02 01:58:17
(epstopdf)                    size: 3909 bytes
(epstopdf)             Command: <epstopdf --outfile=figures/F1O_single-eps-conv
erted-to.pdf figures/F1O_single.eps>
(epstopdf)             \includegraphics on input line 468.
Package epstopdf Info: Output file is already uptodate.
<figures/F1O_single-eps-converted-to.pdf, id=697, 361.35pt x 252.945pt>
File: figures/F1O_single-eps-converted-to.pdf Graphic file (type pdf)

<use figures/F1O_single-eps-converted-to.pdf>
Package pdftex.def Info: figures/F1O_single-eps-converted-to.pdf used on input 
line 468.
(pdftex.def)             Requested size: 119.24615pt x 83.4721pt.

Overfull \hbox (10.84116pt too wide) in paragraph at lines 468--468
 []|[]| 
 []

Package epstopdf Info: Source file: <figures/F1O_multi.eps>
(epstopdf)                    date: 2016-02-02 00:43:01
(epstopdf)                    size: 25124 bytes
(epstopdf)             Output file: <figures/F1O_multi-eps-converted-to.pdf>
(epstopdf)                    date: 2016-02-02 01:58:17
(epstopdf)                    size: 3926 bytes
(epstopdf)             Command: <epstopdf --outfile=figures/F1O_multi-eps-conve
rted-to.pdf figures/F1O_multi.eps>
(epstopdf)             \includegraphics on input line 468.
Package epstopdf Info: Output file is already uptodate.
<figures/F1O_multi-eps-converted-to.pdf, id=698, 361.35pt x 252.945pt>
File: figures/F1O_multi-eps-converted-to.pdf Graphic file (type pdf)

<use figures/F1O_multi-eps-converted-to.pdf>
Package pdftex.def Info: figures/F1O_multi-eps-converted-to.pdf used on input l
ine 468.
(pdftex.def)             Requested size: 119.24615pt x 83.4721pt.

Overfull \hbox (10.84116pt too wide) in paragraph at lines 468--468
 []|[]| 
 []


Overfull \vbox (19.41745pt too high) detected at line 468
 []

[21

 <C:/Users/Yetian Chen/Desktop/Pearson/PrerequisiteDiscovery/EDM2016/slides-sha
re-with-jose/figures/F1A_single-eps-converted-to.pdf> <C:/Users/Yetian Chen/Des
ktop/Pearson/PrerequisiteDiscovery/EDM2016/slides-share-with-jose/figures/F1A_m
ulti-eps-converted-to.pdf> <C:/Users/Yetian Chen/Desktop/Pearson/PrerequisiteDi
scovery/EDM2016/slides-share-with-jose/figures/F1O_single-eps-converted-to.pdf>
 <C:/Users/Yetian Chen/Desktop/Pearson/PrerequisiteDiscovery/EDM2016/slides-sha
re-with-jose/figures/F1O_multi-eps-converted-to.pdf>]
<figures/studentability.png, id=744, 579.6054pt x 264.99pt>
File: figures/studentability.png Graphic file (type png)

<use figures/studentability.png>
Package pdftex.def Info: figures/studentability.png used on input line 481.
(pdftex.def)             Requested size: 260.82pt x 119.24438pt.
 [22

 <C:/Users/Yetian Chen/Desktop/Pearson/PrerequisiteDiscovery/EDM2016/slides-sha
re-with-jose/figures/studentability.png>]
Package epstopdf Info: Source file: <figures/F1A_single.eps>
(epstopdf)                    date: 2016-02-02 00:40:16
(epstopdf)                    size: 27387 bytes
(epstopdf)             Output file: <figures/F1A_single-eps-converted-to.pdf>
(epstopdf)                    date: 2016-02-02 01:58:15
(epstopdf)                    size: 3931 bytes
(epstopdf)             Command: <epstopdf --outfile=figures/F1A_single-eps-conv
erted-to.pdf figures/F1A_single.eps>
(epstopdf)             \includegraphics on input line 497.
Package epstopdf Info: Output file is already uptodate.
File: figures/F1A_single-eps-converted-to.pdf Graphic file (type pdf)

<use figures/F1A_single-eps-converted-to.pdf>
Package pdftex.def Info: figures/F1A_single-eps-converted-to.pdf used on input 
line 497.
(pdftex.def)             Requested size: 119.24615pt x 83.4721pt.

Overfull \hbox (10.84116pt too wide) in paragraph at lines 497--497
 []|[]| 
 []

Package epstopdf Info: Source file: <figures/F1A_single_noisy.eps>
(epstopdf)                    date: 2016-02-02 00:41:57
(epstopdf)                    size: 27400 bytes
(epstopdf)             Output file: <figures/F1A_single_noisy-eps-converted-to.
pdf>
(epstopdf)                    date: 2016-02-02 01:46:24
(epstopdf)                    size: 3940 bytes
(epstopdf)             Command: <epstopdf --outfile=figures/F1A_single_noisy-ep
s-converted-to.pdf figures/F1A_single_noisy.eps>
(epstopdf)             \includegraphics on input line 497.
Package epstopdf Info: Output file is already uptodate.
<figures/F1A_single_noisy-eps-converted-to.pdf, id=774, 361.35pt x 252.945pt>
File: figures/F1A_single_noisy-eps-converted-to.pdf Graphic file (type pdf)

<use figures/F1A_single_noisy-eps-converted-to.pdf>
Package pdftex.def Info: figures/F1A_single_noisy-eps-converted-to.pdf used on 
input line 497.
(pdftex.def)             Requested size: 119.24615pt x 83.4721pt.

Overfull \hbox (10.84116pt too wide) in paragraph at lines 497--497
 []|[]| 
 []

Package epstopdf Info: Source file: <figures/F1O_single.eps>
(epstopdf)                    date: 2016-02-02 00:44:06
(epstopdf)                    size: 25110 bytes
(epstopdf)             Output file: <figures/F1O_single-eps-converted-to.pdf>
(epstopdf)                    date: 2016-02-02 01:58:17
(epstopdf)                    size: 3909 bytes
(epstopdf)             Command: <epstopdf --outfile=figures/F1O_single-eps-conv
erted-to.pdf figures/F1O_single.eps>
(epstopdf)             \includegraphics on input line 497.
Package epstopdf Info: Output file is already uptodate.
File: figures/F1O_single-eps-converted-to.pdf Graphic file (type pdf)
<use figures/F1O_single-eps-converted-to.pdf>
Package pdftex.def Info: figures/F1O_single-eps-converted-to.pdf used on input 
line 497.
(pdftex.def)             Requested size: 119.24615pt x 83.4721pt.

Overfull \hbox (10.84116pt too wide) in paragraph at lines 497--497
 []|[]| 
 []

Package epstopdf Info: Source file: <figures/F1O_single_noisy.eps>
(epstopdf)                    date: 2016-02-02 00:45:20
(epstopdf)                    size: 25100 bytes
(epstopdf)             Output file: <figures/F1O_single_noisy-eps-converted-to.
pdf>
(epstopdf)                    date: 2016-02-02 01:46:25
(epstopdf)                    size: 3890 bytes
(epstopdf)             Command: <epstopdf --outfile=figures/F1O_single_noisy-ep
s-converted-to.pdf figures/F1O_single_noisy.eps>
(epstopdf)             \includegraphics on input line 497.
Package epstopdf Info: Output file is already uptodate.
<figures/F1O_single_noisy-eps-converted-to.pdf, id=775, 361.35pt x 252.945pt>
File: figures/F1O_single_noisy-eps-converted-to.pdf Graphic file (type pdf)

<use figures/F1O_single_noisy-eps-converted-to.pdf>
Package pdftex.def Info: figures/F1O_single_noisy-eps-converted-to.pdf used on 
input line 497.
(pdftex.def)             Requested size: 119.24615pt x 83.4721pt.

Overfull \hbox (10.84116pt too wide) in paragraph at lines 497--497
 []|[]| 
 []


Overfull \vbox (19.41745pt too high) detected at line 497
 []

[23

 <C:/Users/Yetian Chen/Desktop/Pearson/PrerequisiteDiscovery/EDM2016/slides-sha
re-with-jose/figures/F1A_single_noisy-eps-converted-to.pdf> <C:/Users/Yetian Ch
en/Desktop/Pearson/PrerequisiteDiscovery/EDM2016/slides-share-with-jose/figures
/F1O_single_noisy-eps-converted-to.pdf>] [24

]
Package epstopdf Info: Source file: <figures/F1A_single_missing.eps>
(epstopdf)                    date: 2016-02-05 16:04:04
(epstopdf)                    size: 28852 bytes
(epstopdf)             Output file: <figures/F1A_single_missing-eps-converted-t
o.pdf>
(epstopdf)                    date: 2016-02-05 16:04:27
(epstopdf)                    size: 4214 bytes
(epstopdf)             Command: <epstopdf --outfile=figures/F1A_single_missing-
eps-converted-to.pdf figures/F1A_single_missing.eps>
(epstopdf)             \includegraphics on input line 533.
Package epstopdf Info: Output file is already uptodate.

<figures/F1A_single_missing-eps-converted-to.pdf, id=841, 361.35pt x 252.945pt>
File: figures/F1A_single_missing-eps-converted-to.pdf Graphic file (type pdf)
<use figures/F1A_single_missing-eps-converted-to.pdf>
Package pdftex.def Info: figures/F1A_single_missing-eps-converted-to.pdf used o
n input line 533.
(pdftex.def)             Requested size: 158.99487pt x 111.29614pt.

Overfull \hbox (14.45488pt too wide) in paragraph at lines 533--533
 []|[]| 
 []

Package epstopdf Info: Source file: <figures/F1O_single_missing.eps>
(epstopdf)                    date: 2016-02-17 23:03:25
(epstopdf)                    size: 26544 bytes
(epstopdf)             Output file: <figures/F1O_single_missing-eps-converted-t
o.pdf>
(epstopdf)                    date: 2016-02-17 23:03:47
(epstopdf)                    size: 4163 bytes
(epstopdf)             Command: <epstopdf --outfile=figures/F1O_single_missing-
eps-converted-to.pdf figures/F1O_single_missing.eps>
(epstopdf)             \includegraphics on input line 533.
Package epstopdf Info: Output file is already uptodate.

<figures/F1O_single_missing-eps-converted-to.pdf, id=842, 361.35pt x 252.945pt>
File: figures/F1O_single_missing-eps-converted-to.pdf Graphic file (type pdf)
<use figures/F1O_single_missing-eps-converted-to.pdf>
Package pdftex.def Info: figures/F1O_single_missing-eps-converted-to.pdf used o
n input line 533.
(pdftex.def)             Requested size: 158.99487pt x 111.29614pt.

Overfull \hbox (14.45488pt too wide) in paragraph at lines 533--533
 []|[]| 
 []

[25

 <C:/Users/Yetian Chen/Desktop/Pearson/PrerequisiteDiscovery/EDM2016/slides-sha
re-with-jose/figures/F1A_single_missing-eps-converted-to.pdf> <C:/Users/Yetian 
Chen/Desktop/Pearson/PrerequisiteDiscovery/EDM2016/slides-share-with-jose/figur
es/F1O_single_missing-eps-converted-to.pdf>]
File: figures/model3.png Graphic file (type png)
 <use figures/model3.png>
Package pdftex.def Info: figures/model3.png used on input line 566.
(pdftex.def)             Requested size: 50.31848pt x 89.50017pt.
Package epstopdf Info: Source file: <figures/F1_parm.eps>
(epstopdf)                    date: 2016-04-19 12:28:09
(epstopdf)                    size: 23929 bytes
(epstopdf)             Output file: <figures/F1_parm-eps-converted-to.pdf>
(epstopdf)                    date: 2016-04-19 12:29:22
(epstopdf)                    size: 3820 bytes
(epstopdf)             Command: <epstopdf --outfile=figures/F1_parm-eps-convert
ed-to.pdf figures/F1_parm.eps>
(epstopdf)             \includegraphics on input line 566.
Package epstopdf Info: Output file is already uptodate.

<figures/F1_parm-eps-converted-to.pdf, id=880, 361.35pt x 252.945pt>
File: figures/F1_parm-eps-converted-to.pdf Graphic file (type pdf)

<use figures/F1_parm-eps-converted-to.pdf>
Package pdftex.def Info: figures/F1_parm-eps-converted-to.pdf used on input lin
e 566.
(pdftex.def)             Requested size: 134.18176pt x 93.92783pt.

Overfull \vbox (7.5679pt too high) detected at line 566
 []

[26

 <C:/Users/Yetian Chen/Desktop/Pearson/PrerequisiteDiscovery/EDM2016/slides-sha
re-with-jose/figures/F1_parm-eps-converted-to.pdf>]
<figures/ecpe_results.png, id=913, 556.479pt x 183.5658pt>
File: figures/ecpe_results.png Graphic file (type png)

<use figures/ecpe_results.png>
Package pdftex.def Info: figures/ecpe_results.png used on input line 592.
(pdftex.def)             Requested size: 308.06367pt x 101.62253pt.

Overfull \vbox (12.2626pt too high) detected at line 592
 []

[27

 <C:/Users/Yetian Chen/Desktop/Pearson/PrerequisiteDiscovery/EDM2016/slides-sha
re-with-jose/figures/ecpe_results.png>]
<figures/mathdataset.png, id=944, 555.5154pt x 148.8762pt>
File: figures/mathdataset.png Graphic file (type png)

<use figures/mathdataset.png>
Package pdftex.def Info: figures/mathdataset.png used on input line 606.
(pdftex.def)             Requested size: 308.06367pt x 82.56139pt.
 [28

 <C:/Users/Yetian Chen/Desktop/Pearson/PrerequisiteDiscovery/EDM2016/slides-sha
re-with-jose/figures/mathdataset.png>]
<figures/hed_chap2_structure_prob2.png, id=974, 347.8596pt x 218.2554pt>
File: figures/hed_chap2_structure_prob2.png Graphic file (type png)

<use figures/hed_chap2_structure_prob2.png>
Package pdftex.def Info: figures/hed_chap2_structure_prob2.png used on input li
ne 628.
(pdftex.def)             Requested size: 159.33974pt x 99.97574pt.
LaTeX Font Info:    Try loading font information for OT1+lmtt on input line 628
.

("C:\Program Files (x86)\MiKTeX 2.9\tex\latex\lm\ot1lmtt.fd"
File: ot1lmtt.fd 2009/10/30 v1.6 Font defs for Latin Modern
)
<figures/hed_chap3_structure_prob2.png, id=975, 358.941pt x 218.2554pt>
File: figures/hed_chap3_structure_prob2.png Graphic file (type png)

<use figures/hed_chap3_structure_prob2.png>
Package pdftex.def Info: figures/hed_chap3_structure_prob2.png used on input li
ne 628.
(pdftex.def)             Requested size: 159.33974pt x 96.88522pt.
 [29

 <C:/Users/Yetian Chen/Desktop/Pearson/PrerequisiteDiscovery/EDM2016/slides-sha
re-with-jose/figures/hed_chap2_structure_prob2.png> <C:/Users/Yetian Chen/Deskt
op/Pearson/PrerequisiteDiscovery/EDM2016/slides-share-with-jose/figures/hed_cha
p3_structure_prob2.png>]
<figures/disconnected.png, id=1012, 261.6174pt x 88.6512pt>
File: figures/disconnected.png Graphic file (type png)

<use figures/disconnected.png>
Package pdftex.def Info: figures/disconnected.png used on input line 655.
(pdftex.def)             Requested size: 104.6451pt x 35.45984pt.

<figures/chain.png, id=1013, 261.6174pt x 88.6512pt>
File: figures/chain.png Graphic file (type png)
 <use figures/chain.png>
Package pdftex.def Info: figures/chain.png used on input line 655.
(pdftex.def)             Requested size: 104.6451pt x 35.45984pt.

<figures/fullconnected.png, id=1014, 261.6174pt x 104.5506pt>
File: figures/fullconnected.png Graphic file (type png)

<use figures/fullconnected.png>
Package pdftex.def Info: figures/fullconnected.png used on input line 655.
(pdftex.def)             Requested size: 104.6451pt x 41.81949pt.
 [30

 <C:/Users/Yetian Chen/Desktop/Pearson/PrerequisiteDiscovery/EDM2016/slides-sha
re-with-jose/figures/disconnected.png> <C:/Users/Yetian Chen/Desktop/Pearson/Pr
erequisiteDiscovery/EDM2016/slides-share-with-jose/figures/chain.png> <C:/Users
/Yetian Chen/Desktop/Pearson/PrerequisiteDiscovery/EDM2016/slides-share-with-jo
se/figures/fullconnected.png>]
Package epstopdf Info: Source file: <figures/hed_chap2_30_auc.eps>
(epstopdf)                    date: 2016-03-02 00:19:56
(epstopdf)                    size: 23754 bytes
(epstopdf)             Output file: <figures/hed_chap2_30_auc-eps-converted-to.
pdf>
(epstopdf)                    date: 2016-03-02 00:55:48
(epstopdf)                    size: 3634 bytes
(epstopdf)             Command: <epstopdf --outfile=figures/hed_chap2_30_auc-ep
s-converted-to.pdf figures/hed_chap2_30_auc.eps>
(epstopdf)             \includegraphics on input line 679.
Package epstopdf Info: Output file is already uptodate.

<figures/hed_chap2_30_auc-eps-converted-to.pdf, id=1045, 361.35pt x 252.945pt>
File: figures/hed_chap2_30_auc-eps-converted-to.pdf Graphic file (type pdf)

<use figures/hed_chap2_30_auc-eps-converted-to.pdf>
Package pdftex.def Info: figures/hed_chap2_30_auc-eps-converted-to.pdf used on 
input line 679.
(pdftex.def)             Requested size: 180.73131pt x 126.51077pt.

Overfull \hbox (16.43103pt too wide) in paragraph at lines 679--679
 [][] 
 []

Package epstopdf Info: Source file: <figures/hed_chap3_33_auc.eps>
(epstopdf)                    date: 2016-03-02 00:57:32
(epstopdf)                    size: 23751 bytes
(epstopdf)             Output file: <figures/hed_chap3_33_auc-eps-converted-to.
pdf>
(epstopdf)                    date: 2016-03-02 00:57:42
(epstopdf)                    size: 3636 bytes
(epstopdf)             Command: <epstopdf --outfile=figures/hed_chap3_33_auc-ep
s-converted-to.pdf figures/hed_chap3_33_auc.eps>
(epstopdf)             \includegraphics on input line 679.
Package epstopdf Info: Output file is already uptodate.

<figures/hed_chap3_33_auc-eps-converted-to.pdf, id=1046, 361.35pt x 252.945pt>
File: figures/hed_chap3_33_auc-eps-converted-to.pdf Graphic file (type pdf)

<use figures/hed_chap3_33_auc-eps-converted-to.pdf>
Package pdftex.def Info: figures/hed_chap3_33_auc-eps-converted-to.pdf used on 
input line 679.
(pdftex.def)             Requested size: 180.73131pt x 126.51077pt.

Overfull \hbox (16.43103pt too wide) in paragraph at lines 679--679
 [][] 
 []

[31

 <C:/Users/Yetian Chen/Desktop/Pearson/PrerequisiteDiscovery/EDM2016/slides-sha
re-with-jose/figures/hed_chap2_30_auc-eps-converted-to.pdf> <C:/Users/Yetian Ch
en/Desktop/Pearson/PrerequisiteDiscovery/EDM2016/slides-share-with-jose/figures
/hed_chap3_33_auc-eps-converted-to.pdf>] [32

]
\tf@nav=\write6
\tf@toc=\write7
\tf@snm=\write8
Package atveryend Info: Empty hook `BeforeClearDocument' on input line 709.
Package atveryend Info: Empty hook `AfterLastShipout' on input line 709.

("C:\Users\Yetian Chen\Desktop\Pearson\PrerequisiteDiscovery\EDM2016\slides-sha
re-with-jose\command.aux")
Package atveryend Info: Empty hook `AtVeryEndDocument' on input line 709.
Package atveryend Info: Executing hook `AtEndAfterFileList' on input line 709.
Package rerunfilecheck Info: File `command.out' has not changed.
(rerunfilecheck)             Checksum: B8B4CF0CD4156EA6C6D10A0B6B9DF954;477.
Package atveryend Info: Empty hook `AtVeryVeryEnd' on input line 709.
 ) 
Here is how much of TeX's memory you used:
 22525 strings out of 493921
 459534 string characters out of 3144858
 506643 words of memory out of 3000000
 25148 multiletter control sequences out of 15000+200000
 77797 words of font info for 70 fonts, out of 3000000 for 9000
 841 hyphenation exceptions out of 8191
 56i,17n,69p,408b,820s stack positions out of 5000i,500n,10000p,200000b,50000s
{C:/Program Files (x86)/MiKTeX 2.9/fonts/enc/dvips/lm/lm-rmtt.enc}{C:/Program
 Files (x86)/MiKTeX 2.9/fonts/enc/dvips/lm/lm-mathit.enc}{C:/Program Files (x86
)/MiKTeX 2.9/fonts/enc/dvips/lm/lm-mathsy.enc}{C:/Program Files (x86)/MiKTeX 2.
9/fonts/enc/dvips/lm/lm-rm.enc}<C:/Program Files (x86)/MiKTeX 2.9/fonts/type1/p
ublic/lm/lmmi10.pfb><C:/Program Files (x86)/MiKTeX 2.9/fonts/type1/public/lm/lm
mi9.pfb><C:/Program Files (x86)/MiKTeX 2.9/fonts/type1/public/lm/lmss10.pfb><C:
/Program Files (x86)/MiKTeX 2.9/fonts/type1/public/lm/lmss12.pfb><C:/Program Fi
les (x86)/MiKTeX 2.9/fonts/type1/public/lm/lmss8.pfb><C:/Program Files (x86)/Mi
KTeX 2.9/fonts/type1/public/lm/lmss9.pfb><C:/Program Files (x86)/MiKTeX 2.9/fon
ts/type1/public/lm/lmssbx10.pfb><C:/Program Files (x86)/MiKTeX 2.9/fonts/type1/
public/lm/lmsso10.pfb><C:/Program Files (x86)/MiKTeX 2.9/fonts/type1/public/lm/
lmsso8.pfb><C:/Program Files (x86)/MiKTeX 2.9/fonts/type1/public/lm/lmsso9.pfb>
<C:/Program Files (x86)/MiKTeX 2.9/fonts/type1/public/lm/lmsy10.pfb><C:/Program
 Files (x86)/MiKTeX 2.9/fonts/type1/public/lm/lmsy7.pfb><C:/Program Files (x86)
/MiKTeX 2.9/fonts/type1/public/lm/lmsy8.pfb><C:/Program Files (x86)/MiKTeX 2.9/
fonts/type1/public/lm/lmsy9.pfb><C:/Program Files (x86)/MiKTeX 2.9/fonts/type1/
public/lm/lmtt10.pfb>
Output written on command.pdf (32 pages, 1381114 bytes).
PDF statistics:
 1186 PDF objects out of 1200 (max. 8388607)
 102 named destinations out of 1000 (max. 500000)
 354 words of extra memory for PDF output out of 10000 (max. 10000000)

